#
# There is insufficient memory for the Java Runtime Environment to continue.
# Native memory allocation (malloc) failed to allocate 98096 bytes for Chunk::new
# Possible reasons:
#   The system is out of physical RAM or swap space
#   In 32 bit mode, the process size limit was hit
# Possible solutions:
#   Reduce memory load on the system
#   Increase physical memory or swap space
#   Check if swap backing store is full
#   Use 64 bit Java on a 64 bit OS
#   Decrease Java heap size (-Xmx/-Xms)
#   Decrease number of Java threads
#   Decrease Java thread stack sizes (-Xss)
#   Set larger code cache with -XX:ReservedCodeCacheSize=
# This output file may be truncated or incomplete.
#
#  Out of Memory Error (allocation.cpp:390), pid=14368, tid=0x00000000000043a8
#
# JRE version: Java(TM) SE Runtime Environment (8.0_111-b14) (build 1.8.0_111-b14)
# Java VM: Java HotSpot(TM) 64-Bit Server VM (25.111-b14 mixed mode windows-amd64 compressed oops)
# Failed to write core dump. Minidumps are not enabled by default on client versions of Windows
#

---------------  T H R E A D  ---------------

Current thread (0x000000001690b800):  JavaThread "C2 CompilerThread0" daemon [_thread_in_native, id=17320, stack(0x0000000017f80000,0x0000000018080000)]

Stack: [0x0000000017f80000,0x0000000018080000]
[error occurred during error reporting (printing stack bounds), id 0xc0000005]

Native frames: (J=compiled Java code, j=interpreted, Vv=VM code, C=native code)


Current CompileTask:
C2:   1158  426       4       java.lang.String::toLowerCase (439 bytes)


---------------  P R O C E S S  ---------------

Java Threads: ( => current thread )
  0x0000000019926000 JavaThread "AWT-EventQueue-0" [_thread_blocked, id=17052, stack(0x000000001acb0000,0x000000001adb0000)]
  0x0000000019602000 JavaThread "Image Fetcher 1" daemon [_thread_blocked, id=6768, stack(0x0000000019be0000,0x0000000019ce0000)]
  0x0000000018671800 JavaThread "Image Fetcher 0" daemon [_thread_blocked, id=15312, stack(0x00000000192e0000,0x00000000193e0000)]
  0x000000001864f800 JavaThread "AWT-Windows" daemon [_thread_in_native, id=8856, stack(0x0000000018ce0000,0x0000000018de0000)]
  0x000000001864d000 JavaThread "AWT-Shutdown" [_thread_blocked, id=11308, stack(0x0000000018be0000,0x0000000018ce0000)]
  0x000000001864b800 JavaThread "Java2D Disposer" daemon [_thread_blocked, id=16504, stack(0x0000000018ae0000,0x0000000018be0000)]
  0x0000000018285000 JavaThread "Service Thread" daemon [_thread_blocked, id=6976, stack(0x0000000018680000,0x0000000018780000)]
  0x000000001696d800 JavaThread "C1 CompilerThread2" daemon [_thread_in_vm, id=9028, stack(0x0000000018180000,0x0000000018280000)]
  0x0000000016968800 JavaThread "C2 CompilerThread1" daemon [_thread_in_native, id=10416, stack(0x0000000018080000,0x0000000018180000)]
=>0x000000001690b800 JavaThread "C2 CompilerThread0" daemon [_thread_in_native, id=17320, stack(0x0000000017f80000,0x0000000018080000)]
  0x000000001690a000 JavaThread "Attach Listener" daemon [_thread_blocked, id=13004, stack(0x0000000017e80000,0x0000000017f80000)]
  0x0000000016909000 JavaThread "Signal Dispatcher" daemon [_thread_blocked, id=7764, stack(0x0000000017d80000,0x0000000017e80000)]
  0x00000000168fa000 JavaThread "Finalizer" daemon [_thread_blocked, id=5528, stack(0x0000000017b60000,0x0000000017c60000)]
  0x000000000302f000 JavaThread "Reference Handler" daemon [_thread_blocked, id=11660, stack(0x0000000017a60000,0x0000000017b60000)]
  0x0000000002f40800 JavaThread "main" [_thread_in_Java, id=16216, stack(0x0000000002de0000,0x0000000002ee0000)]

Other Threads:
  0x00000000168d7000 VMThread [stack: 0x0000000017960000,0x0000000017a60000] [id=632]
  0x0000000018288800 WatcherThread [stack: 0x00000000188e0000,0x00000000189e0000] [id=3520]

VM state:not at safepoint (normal execution)

VM Mutex/Monitor currently owned by a thread: None

Heap:
 PSYoungGen      total 28672K, used 24676K [0x00000000e0600000, 0x00000000e2600000, 0x0000000100000000)
  eden space 24576K, 83% used [0x00000000e0600000,0x00000000e1a1c288,0x00000000e1e00000)
  from space 4096K, 99% used [0x00000000e1e00000,0x00000000e21fcfc8,0x00000000e2200000)
  to   space 4096K, 0% used [0x00000000e2200000,0x00000000e2200000,0x00000000e2600000)
 ParOldGen       total 65536K, used 12754K [0x00000000a1200000, 0x00000000a5200000, 0x00000000e0600000)
  object space 65536K, 19% used [0x00000000a1200000,0x00000000a1e74af0,0x00000000a5200000)
 Metaspace       used 8708K, capacity 8942K, committed 9216K, reserved 1056768K
  class space    used 1097K, capacity 1189K, committed 1280K, reserved 1048576K

Card table byte_map: [0x0000000012400000,0x0000000012700000] byte_map_base: 0x0000000011ef7000

Marking Bits: (ParMarkBitMap*) 0x000000005564a6c0
 Begin Bits: [0x0000000012d00000, 0x00000000144b8000)
 End Bits:   [0x00000000144b8000, 0x0000000015c70000)

Polling page: 0x00000000015b0000

CodeCache: size=245760Kb used=2600Kb max_used=2600Kb free=243159Kb
 bounds [0x0000000003040000, 0x00000000032d0000, 0x0000000012040000]
 total_blobs=1015 nmethods=585 adapters=343
 compilation: enabled

Compilation events (10 events):
Event: 1.125 Thread 0x000000001696d800 nmethod 478 0x0000000003277d10 code [0x0000000003277e80, 0x0000000003278128]
Event: 1.125 Thread 0x000000001696d800  479       3       java.nio.channels.spi.AbstractInterruptibleChannel::begin (48 bytes)
Event: 1.126 Thread 0x000000001696d800 nmethod 479 0x0000000003278590 code [0x0000000003278760, 0x0000000003279078]
Event: 1.126 Thread 0x000000001696d800  480       3       java.nio.ByteBuffer::<init> (45 bytes)
Event: 1.126 Thread 0x000000001696d800 nmethod 480 0x00000000032794d0 code [0x0000000003279640, 0x0000000003279888]
Event: 1.126 Thread 0x000000001696d800  482       1       java.nio.HeapByteBuffer::isReadOnly (2 bytes)
Event: 1.127 Thread 0x000000001696d800 nmethod 482 0x0000000003279990 code [0x0000000003279ae0, 0x0000000003279bf0]
Event: 1.127 Thread 0x000000001696d800  483       1       java.nio.DirectByteBuffer::isDirect (2 bytes)
Event: 1.127 Thread 0x000000001696d800 nmethod 483 0x0000000003279c50 code [0x0000000003279da0, 0x0000000003279eb0]
Event: 1.127 Thread 0x000000001696d800  485   !   3       sun.nio.cs.UnicodeDecoder::decodeLoop (326 bytes)

GC Heap History (2 events):
Event: 0.736 GC heap before
{Heap before GC invocations=1 (full 0):
 PSYoungGen      total 28672K, used 23818K [0x00000000e0600000, 0x00000000e2600000, 0x0000000100000000)
  eden space 24576K, 96% used [0x00000000e0600000,0x00000000e1d429e8,0x00000000e1e00000)
  from space 4096K, 0% used [0x00000000e2200000,0x00000000e2200000,0x00000000e2600000)
  to   space 4096K, 0% used [0x00000000e1e00000,0x00000000e1e00000,0x00000000e2200000)
 ParOldGen       total 65536K, used 0K [0x00000000a1200000, 0x00000000a5200000, 0x00000000e0600000)
  object space 65536K, 0% used [0x00000000a1200000,0x00000000a1200000,0x00000000a5200000)
 Metaspace       used 7305K, capacity 7484K, committed 7680K, reserved 1056768K
  class space    used 903K, capacity 962K, committed 1024K, reserved 1048576K
Event: 0.748 GC heap after
Heap after GC invocations=1 (full 0):
 PSYoungGen      total 28672K, used 4083K [0x00000000e0600000, 0x00000000e2600000, 0x0000000100000000)
  eden space 24576K, 0% used [0x00000000e0600000,0x00000000e0600000,0x00000000e1e00000)
  from space 4096K, 99% used [0x00000000e1e00000,0x00000000e21fcfc8,0x00000000e2200000)
  to   space 4096K, 0% used [0x00000000e2200000,0x00000000e2200000,0x00000000e2600000)
 ParOldGen       total 65536K, used 12754K [0x00000000a1200000, 0x00000000a5200000, 0x00000000e0600000)
  object space 65536K, 19% used [0x00000000a1200000,0x00000000a1e74af0,0x00000000a5200000)
 Metaspace       used 7305K, capacity 7484K, committed 7680K, reserved 1056768K
  class space    used 903K, capacity 962K, committed 1024K, reserved 1048576K
}

Deoptimization events (3 events):
Event: 0.381 Thread 0x0000000002f40800 Uncommon trap: reason=null_check action=make_not_entrant pc=0x00000000031ad71c method=java.lang.String.equals(Ljava/lang/Object;)Z @ 8
Event: 0.548 Thread 0x0000000018671800 Uncommon trap: reason=unstable_if action=reinterpret pc=0x000000000320fa94 method=sun.awt.image.PNGImageDecoder.produceImage()V @ 867
Event: 0.710 Thread 0x0000000019602000 Uncommon trap: reason=unstable_if action=reinterpret pc=0x000000000322fcf0 method=java.io.BufferedInputStream.read1([BII)I @ 22

Internal exceptions (10 events):
Event: 0.219 Thread 0x0000000002f40800 Exception <a 'java/security/PrivilegedActionException'> (0x00000000e06ff238) thrown at [C:\re\workspace\8-2-build-windows-amd64-cygwin\jdk8u111\7883\hotspot\src\share\vm\prims\jvm.cpp, line 1386]
Event: 0.219 Thread 0x0000000002f40800 Exception <a 'java/security/PrivilegedActionException'> (0x00000000e06ff448) thrown at [C:\re\workspace\8-2-build-windows-amd64-cygwin\jdk8u111\7883\hotspot\src\share\vm\prims\jvm.cpp, line 1386]
Event: 0.220 Thread 0x0000000002f40800 Exception <a 'java/security/PrivilegedActionException'> (0x00000000e0703090) thrown at [C:\re\workspace\8-2-build-windows-amd64-cygwin\jdk8u111\7883\hotspot\src\share\vm\prims\jvm.cpp, line 1386]
Event: 0.220 Thread 0x0000000002f40800 Exception <a 'java/security/PrivilegedActionException'> (0x00000000e07032a0) thrown at [C:\re\workspace\8-2-build-windows-amd64-cygwin\jdk8u111\7883\hotspot\src\share\vm\prims\jvm.cpp, line 1386]
Event: 0.230 Thread 0x0000000002f40800 Exception <a 'java/io/FileNotFoundException'> (0x00000000e07063d0) thrown at [C:\re\workspace\8-2-build-windows-amd64-cygwin\jdk8u111\7883\hotspot\src\share\vm\prims\jni.cpp, line 709]
Event: 0.281 Thread 0x0000000002f40800 Exception <a 'java/lang/NoSuchFieldError': method resolution failed> (0x00000000e07d45b8) thrown at [C:\re\workspace\8-2-build-windows-amd64-cygwin\jdk8u111\7883\hotspot\src\share\vm\prims\methodHandles.cpp, line 1146]
Event: 0.283 Thread 0x0000000002f40800 Exception <a 'java/lang/NoSuchFieldError': method resolution failed> (0x00000000e07e1988) thrown at [C:\re\workspace\8-2-build-windows-amd64-cygwin\jdk8u111\7883\hotspot\src\share\vm\prims\methodHandles.cpp, line 1146]
Event: 0.340 Thread 0x0000000002f40800 Exception <a 'java/io/FileNotFoundException'> (0x00000000e0876b28) thrown at [C:\re\workspace\8-2-build-windows-amd64-cygwin\jdk8u111\7883\hotspot\src\share\vm\prims\jni.cpp, line 709]
Event: 0.381 Thread 0x0000000002f40800 Implicit null exception at 0x00000000031ad55b to 0x00000000031ad70d
Event: 1.117 Thread 0x0000000002f40800 Exception <a 'java/io/FileNotFoundException'> (0x00000000e18e1070) thrown at [C:\re\workspace\8-2-build-windows-amd64-cygwin\jdk8u111\7883\hotspot\src\share\vm\prims\jni.cpp, line 709]

Events (10 events):
Event: 1.113 loading class java/nio/ShortBuffer done
Event: 1.113 loading class java/nio/ByteBufferAsShortBufferB done
Event: 1.113 loading class sun/nio/cs/UTF_16$Decoder
Event: 1.113 loading class sun/nio/cs/UnicodeDecoder
Event: 1.113 loading class sun/nio/cs/UnicodeDecoder done
Event: 1.113 loading class sun/nio/cs/UTF_16$Decoder done
Event: 1.117 loading class java/awt/FontFormatException
Event: 1.117 loading class java/awt/FontFormatException done
Event: 1.124 loading class java/io/RandomAccessFile$1
Event: 1.124 loading class java/io/RandomAccessFile$1 done


Dynamic libraries:
0x00007ff66d970000 - 0x00007ff66d9a7000 	C:\Program Files\Java\jre1.8.0_111\bin\javaw.exe
0x00007fffa3ac0000 - 0x00007fffa3cad000 	C:\WINDOWS\SYSTEM32\ntdll.dll
0x00007fffa0d40000 - 0x00007fffa0df3000 	C:\WINDOWS\System32\KERNEL32.DLL
0x00007fff9fe00000 - 0x00007fffa0093000 	C:\WINDOWS\System32\KERNELBASE.dll
0x00007fffa3060000 - 0x00007fffa3103000 	C:\WINDOWS\System32\ADVAPI32.dll
0x00007fffa0e00000 - 0x00007fffa0e9e000 	C:\WINDOWS\System32\msvcrt.dll
0x00007fffa2f60000 - 0x00007fffa2ffe000 	C:\WINDOWS\System32\sechost.dll
0x00007fffa3930000 - 0x00007fffa3a52000 	C:\WINDOWS\System32\RPCRT4.dll
0x00007fffa2dc0000 - 0x00007fffa2f57000 	C:\WINDOWS\System32\USER32.dll
0x00007fffa0ca0000 - 0x00007fffa0cc0000 	C:\WINDOWS\System32\win32u.dll
0x00007fffa3a60000 - 0x00007fffa3a89000 	C:\WINDOWS\System32\GDI32.dll
0x00007fffa00d0000 - 0x00007fffa0269000 	C:\WINDOWS\System32\gdi32full.dll
0x00007fff9fb80000 - 0x00007fff9fc20000 	C:\WINDOWS\System32\msvcp_win.dll
0x00007fffa0450000 - 0x00007fffa054a000 	C:\WINDOWS\System32\ucrtbase.dll
0x00007fff8e1d0000 - 0x00007fff8e449000 	C:\WINDOWS\WinSxS\amd64_microsoft.windows.common-controls_6595b64144ccf1df_6.0.17763.737_none_05b6437c071e554b\COMCTL32.dll
0x00007fffa0f10000 - 0x00007fffa123c000 	C:\WINDOWS\System32\combase.dll
0x00007fff9fc20000 - 0x00007fff9fc9e000 	C:\WINDOWS\System32\bcryptPrimitives.dll
0x00007fffa1250000 - 0x00007fffa127e000 	C:\WINDOWS\System32\IMM32.DLL
0x0000000054ca0000 - 0x0000000054d72000 	C:\Program Files\Java\jre1.8.0_111\bin\msvcr100.dll
0x0000000054e30000 - 0x00000000556ca000 	C:\Program Files\Java\jre1.8.0_111\bin\server\jvm.dll
0x00007fffa2b70000 - 0x00007fffa2b78000 	C:\WINDOWS\System32\PSAPI.DLL
0x00007fff9c600000 - 0x00007fff9c609000 	C:\WINDOWS\SYSTEM32\WSOCK32.dll
0x00007fffa0ea0000 - 0x00007fffa0f0d000 	C:\WINDOWS\System32\WS2_32.dll
0x00007fff9d6b0000 - 0x00007fff9d6d4000 	C:\WINDOWS\SYSTEM32\WINMM.dll
0x00007fff951c0000 - 0x00007fff951ca000 	C:\WINDOWS\SYSTEM32\VERSION.dll
0x00007fff9d680000 - 0x00007fff9d6ad000 	C:\WINDOWS\SYSTEM32\WINMMBASE.dll
0x00007fff9fdb0000 - 0x00007fff9fdfa000 	C:\WINDOWS\System32\cfgmgr32.dll
0x0000000055740000 - 0x000000005574f000 	C:\Program Files\Java\jre1.8.0_111\bin\verify.dll
0x0000000054e00000 - 0x0000000054e29000 	C:\Program Files\Java\jre1.8.0_111\bin\java.dll
0x0000000055720000 - 0x0000000055736000 	C:\Program Files\Java\jre1.8.0_111\bin\zip.dll
0x00007fffa13f0000 - 0x00007fffa28e2000 	C:\WINDOWS\System32\SHELL32.dll
0x00007fffa2ac0000 - 0x00007fffa2b68000 	C:\WINDOWS\System32\shcore.dll
0x00007fffa0550000 - 0x00007fffa0c9a000 	C:\WINDOWS\System32\windows.storage.dll
0x00007fff9fb50000 - 0x00007fff9fb74000 	C:\WINDOWS\System32\profapi.dll
0x00007fff9faf0000 - 0x00007fff9fb4d000 	C:\WINDOWS\System32\powrprof.dll
0x00007fffa3000000 - 0x00007fffa3052000 	C:\WINDOWS\System32\shlwapi.dll
0x00007fff9fab0000 - 0x00007fff9fac1000 	C:\WINDOWS\System32\kernel.appcore.dll
0x00007fffa0cc0000 - 0x00007fffa0cd7000 	C:\WINDOWS\System32\cryptsp.dll
0x0000000054b00000 - 0x0000000054c98000 	C:\Program Files\Java\jre1.8.0_111\bin\awt.dll
0x00007fffa3860000 - 0x00007fffa3924000 	C:\WINDOWS\System32\OLEAUT32.dll
0x00007fff9dd20000 - 0x00007fff9ddac000 	C:\WINDOWS\SYSTEM32\apphelp.dll
0x00007fff9e150000 - 0x00007fff9e17e000 	C:\WINDOWS\system32\DWMAPI.DLL
0x00007fffa0270000 - 0x00007fffa044b000 	C:\WINDOWS\System32\CRYPT32.dll
0x00007fff9fad0000 - 0x00007fff9fae2000 	C:\WINDOWS\System32\MSASN1.dll
0x00007fff9ded0000 - 0x00007fff9df6c000 	C:\WINDOWS\system32\uxtheme.dll
0x00007fffa1280000 - 0x00007fffa13eb000 	C:\WINDOWS\System32\MSCTF.dll
0x00007fffa2c60000 - 0x00007fffa2db5000 	C:\WINDOWS\System32\ole32.dll
0x0000000054ab0000 - 0x0000000054af7000 	C:\Program Files\Java\jre1.8.0_111\bin\fontmanager.dll
0x0000000054de0000 - 0x0000000054dfa000 	C:\Program Files\Java\jre1.8.0_111\bin\net.dll
0x00007fff9f320000 - 0x00007fff9f387000 	C:\WINDOWS\system32\mswsock.dll
0x0000000054dc0000 - 0x0000000054dd1000 	C:\Program Files\Java\jre1.8.0_111\bin\nio.dll

VM Arguments:
jvm_args: -Dfile.encoding=Cp1252 
java_command: views.JFramePpal
java_class_path (initial): C:\Users\Toshiba\Desktop\Nueva carpeta (2)\p_DespegarInterface_V1.0\bin
Launcher Type: SUN_STANDARD

Environment Variables:
PATH=C:/Program Files/Java/jre1.8.0_111/bin/server;C:/Program Files/Java/jre1.8.0_111/bin;C:/Program Files/Java/jre1.8.0_111/lib/amd64;C:\WINDOWS\system32;C:\WINDOWS;C:\WINDOWS\System32\Wbem;C:\WINDOWS\System32\WindowsPowerShell\v1.0\;C:\WINDOWS\System32\OpenSSH\;C:\Program Files\MATLAB\R2017a\runtime\win64;C:\Program Files\MATLAB\R2017a\bin;C:\Program Files\Java\jdk1.8.0_111\bin;C:\Users\Toshiba\AppData\Local\Microsoft\WindowsApps;;C:\Users\Toshiba\Desktop;
USERNAME=Toshiba
OS=Windows_NT
PROCESSOR_IDENTIFIER=Intel64 Family 6 Model 69 Stepping 1, GenuineIntel



---------------  S Y S T E M  ---------------

OS: Windows 10.0 , 64 bit Build 17763 (10.0.17763.475)

CPU:total 4 (2 cores per cpu, 2 threads per core) family 6 model 69 stepping 1, cmov, cx8, fxsr, mmx, sse, sse2, sse3, ssse3, sse4.1, sse4.2, popcnt, avx, avx2, aes, clmul, erms, lzcnt, ht, tsc, tscinvbit, bmi1, bmi2

Memory: 4k page, physical 6209680k(330208k free), swap 25084048k(4736k free)

vm_info: Java HotSpot(TM) 64-Bit Server VM (25.111-b14) for windows-amd64 JRE (1.8.0_111-b14), built on Sep 22 2016 19:24:05 by "java_re" with MS VC++ 10.0 (VS2010)

time: Tue Sep 24 22:57:37 2019
elapsed time: 1 seconds (0d 0h 0m 1s)

