#
# There is insufficient memory for the Java Runtime Environment to continue.
# Native memory allocation (malloc) failed to allocate 1186096 bytes for Chunk::new
# Possible reasons:
#   The system is out of physical RAM or swap space
#   In 32 bit mode, the process size limit was hit
# Possible solutions:
#   Reduce memory load on the system
#   Increase physical memory or swap space
#   Check if swap backing store is full
#   Use 64 bit Java on a 64 bit OS
#   Decrease Java heap size (-Xmx/-Xms)
#   Decrease number of Java threads
#   Decrease Java thread stack sizes (-Xss)
#   Set larger code cache with -XX:ReservedCodeCacheSize=
# This output file may be truncated or incomplete.
#
#  Out of Memory Error (allocation.cpp:390), pid=13400, tid=0x0000000000003b78
#
# JRE version: Java(TM) SE Runtime Environment (8.0_111-b14) (build 1.8.0_111-b14)
# Java VM: Java HotSpot(TM) 64-Bit Server VM (25.111-b14 mixed mode windows-amd64 compressed oops)
# Failed to write core dump. Minidumps are not enabled by default on client versions of Windows
#

---------------  T H R E A D  ---------------

Current thread (0x000000001636d000):  JavaThread "C2 CompilerThread0" daemon [_thread_in_native, id=15224, stack(0x00000000179e0000,0x0000000017ae0000)]

Stack: [0x00000000179e0000,0x0000000017ae0000]
[error occurred during error reporting (printing stack bounds), id 0xc0000005]

Native frames: (J=compiled Java code, j=interpreted, Vv=VM code, C=native code)


Current CompileTask:
C2:   3558  311   !   4       sun.awt.image.PNGImageDecoder::produceImage (1916 bytes)


---------------  P R O C E S S  ---------------

Java Threads: ( => current thread )
  0x0000000019762800 JavaThread "AWT-EventQueue-0" [_thread_blocked, id=7344, stack(0x000000001a650000,0x000000001a750000)]
  0x0000000018f31800 JavaThread "Image Fetcher 1" daemon [_thread_blocked, id=10368, stack(0x0000000019580000,0x0000000019680000)]
  0x00000000180d2000 JavaThread "Image Fetcher 0" daemon [_thread_blocked, id=17856, stack(0x0000000018c80000,0x0000000018d80000)]
  0x00000000180b0800 JavaThread "AWT-Windows" daemon [_thread_in_native, id=11764, stack(0x0000000018680000,0x0000000018780000)]
  0x00000000180ad800 JavaThread "AWT-Shutdown" [_thread_blocked, id=17552, stack(0x0000000018580000,0x0000000018680000)]
  0x00000000180ad000 JavaThread "Java2D Disposer" daemon [_thread_blocked, id=10588, stack(0x0000000018440000,0x0000000018540000)]
  0x00000000163ce800 JavaThread "Service Thread" daemon [_thread_blocked, id=17344, stack(0x00000000180e0000,0x00000000181e0000)]
  0x000000001637e800 JavaThread "C1 CompilerThread2" daemon [_thread_blocked, id=14728, stack(0x0000000017be0000,0x0000000017ce0000)]
  0x0000000016373800 JavaThread "C2 CompilerThread1" daemon [_thread_blocked, id=15668, stack(0x0000000017ae0000,0x0000000017be0000)]
=>0x000000001636d000 JavaThread "C2 CompilerThread0" daemon [_thread_in_native, id=15224, stack(0x00000000179e0000,0x0000000017ae0000)]
  0x000000001636b000 JavaThread "Attach Listener" daemon [_thread_blocked, id=8936, stack(0x00000000178e0000,0x00000000179e0000)]
  0x000000001636a000 JavaThread "Signal Dispatcher" daemon [_thread_blocked, id=10804, stack(0x00000000177e0000,0x00000000178e0000)]
  0x000000001635a800 JavaThread "Finalizer" daemon [_thread_blocked, id=16372, stack(0x00000000175c0000,0x00000000176c0000)]
  0x0000000002a8f000 JavaThread "Reference Handler" daemon [_thread_blocked, id=11064, stack(0x00000000174c0000,0x00000000175c0000)]
  0x00000000029a0800 JavaThread "main" [_thread_in_native, id=13324, stack(0x00000000027b0000,0x00000000028b0000)]

Other Threads:
  0x0000000016337000 VMThread [stack: 0x00000000173c0000,0x00000000174c0000] [id=16928]
  0x0000000017d1d000 WatcherThread [stack: 0x0000000018340000,0x0000000018440000] [id=17772]

VM state:not at safepoint (normal execution)

VM Mutex/Monitor currently owned by a thread: None

Heap:
 PSYoungGen      total 28672K, used 24724K [0x00000000e0600000, 0x00000000e2600000, 0x0000000100000000)
  eden space 24576K, 83% used [0x00000000e0600000,0x00000000e1a25330,0x00000000e1e00000)
  from space 4096K, 99% used [0x00000000e1e00000,0x00000000e21ffea0,0x00000000e2200000)
  to   space 4096K, 0% used [0x00000000e2200000,0x00000000e2200000,0x00000000e2600000)
 ParOldGen       total 65536K, used 12743K [0x00000000a1200000, 0x00000000a5200000, 0x00000000e0600000)
  object space 65536K, 19% used [0x00000000a1200000,0x00000000a1e71c08,0x00000000a5200000)
 Metaspace       used 8726K, capacity 8946K, committed 9216K, reserved 1056768K
  class space    used 1098K, capacity 1189K, committed 1280K, reserved 1048576K

Card table byte_map: [0x0000000011e60000,0x0000000012160000] byte_map_base: 0x0000000011957000

Marking Bits: (ParMarkBitMap*) 0x000000005564a6c0
 Begin Bits: [0x0000000012760000, 0x0000000013f18000)
 End Bits:   [0x0000000013f18000, 0x00000000156d0000)

Polling page: 0x0000000000950000

CodeCache: size=245760Kb used=2482Kb max_used=2494Kb free=243277Kb
 bounds [0x0000000002aa0000, 0x0000000002d20000, 0x0000000011aa0000]
 total_blobs=997 nmethods=567 adapters=343
 compilation: enabled

Compilation events (10 events):
Event: 3.395 Thread 0x000000001637e800 nmethod 403 0x0000000002cbcf90 code [0x0000000002cbd100, 0x0000000002cbd310]
Event: 3.396 Thread 0x000000001637e800  404       3       java.util.AbstractList::<init> (10 bytes)
Event: 3.397 Thread 0x000000001637e800 nmethod 404 0x0000000002cbd3d0 code [0x0000000002cbd540, 0x0000000002cbd750]
Event: 3.397 Thread 0x000000001637e800  405       3       java.util.ArrayList::add (29 bytes)
Event: 3.399 Thread 0x000000001637e800 nmethod 405 0x0000000002cbd810 code [0x0000000002cbd9a0, 0x0000000002cbdea8]
Event: 3.405 Thread 0x000000001637e800  407       3       java.util.HashMap::afterNodeAccess (1 bytes)
Event: 3.405 Thread 0x000000001637e800 nmethod 407 0x0000000002cbe490 code [0x0000000002cbe5e0, 0x0000000002cbe730]
Event: 3.406 Thread 0x000000001637e800  408       3       java.lang.Short::valueOf (33 bytes)
Event: 3.407 Thread 0x000000001637e800 nmethod 408 0x0000000002cbe790 code [0x0000000002cbe900, 0x0000000002cbec50]
Event: 3.407 Thread 0x000000001637e800  409       3       sun.awt.FontConfiguration::getComponentFontID (25 bytes)

GC Heap History (2 events):
Event: 1.000 GC heap before
{Heap before GC invocations=1 (full 0):
 PSYoungGen      total 28672K, used 23366K [0x00000000e0600000, 0x00000000e2600000, 0x0000000100000000)
  eden space 24576K, 95% used [0x00000000e0600000,0x00000000e1cd1848,0x00000000e1e00000)
  from space 4096K, 0% used [0x00000000e2200000,0x00000000e2200000,0x00000000e2600000)
  to   space 4096K, 0% used [0x00000000e1e00000,0x00000000e1e00000,0x00000000e2200000)
 ParOldGen       total 65536K, used 0K [0x00000000a1200000, 0x00000000a5200000, 0x00000000e0600000)
  object space 65536K, 0% used [0x00000000a1200000,0x00000000a1200000,0x00000000a5200000)
 Metaspace       used 7304K, capacity 7488K, committed 7680K, reserved 1056768K
  class space    used 903K, capacity 962K, committed 1024K, reserved 1048576K
Event: 1.009 GC heap after
Heap after GC invocations=1 (full 0):
 PSYoungGen      total 28672K, used 4095K [0x00000000e0600000, 0x00000000e2600000, 0x0000000100000000)
  eden space 24576K, 0% used [0x00000000e0600000,0x00000000e0600000,0x00000000e1e00000)
  from space 4096K, 99% used [0x00000000e1e00000,0x00000000e21ffea0,0x00000000e2200000)
  to   space 4096K, 0% used [0x00000000e2200000,0x00000000e2200000,0x00000000e2600000)
 ParOldGen       total 65536K, used 12743K [0x00000000a1200000, 0x00000000a5200000, 0x00000000e0600000)
  object space 65536K, 19% used [0x00000000a1200000,0x00000000a1e71c08,0x00000000a5200000)
 Metaspace       used 7304K, capacity 7488K, committed 7680K, reserved 1056768K
  class space    used 903K, capacity 962K, committed 1024K, reserved 1048576K
}

Deoptimization events (3 events):
Event: 0.582 Thread 0x00000000029a0800 Uncommon trap: reason=null_check action=make_not_entrant pc=0x0000000002c0679c method=java.lang.String.equals(Ljava/lang/Object;)Z @ 8
Event: 0.752 Thread 0x00000000180d2000 Uncommon trap: reason=unstable_if action=reinterpret pc=0x0000000002c72410 method=sun.awt.image.PNGImageDecoder.produceImage()V @ 867
Event: 0.961 Thread 0x0000000018f31800 Uncommon trap: reason=unstable_if action=reinterpret pc=0x0000000002c940b4 method=java.io.BufferedInputStream.read1([BII)I @ 22

Internal exceptions (10 events):
Event: 0.338 Thread 0x00000000029a0800 Exception <a 'java/io/FileNotFoundException'> (0x00000000e0658fc8) thrown at [C:\re\workspace\8-2-build-windows-amd64-cygwin\jdk8u111\7883\hotspot\src\share\vm\prims\jni.cpp, line 709]
Event: 0.398 Thread 0x00000000029a0800 Exception <a 'java/security/PrivilegedActionException'> (0x00000000e06ff238) thrown at [C:\re\workspace\8-2-build-windows-amd64-cygwin\jdk8u111\7883\hotspot\src\share\vm\prims\jvm.cpp, line 1386]
Event: 0.398 Thread 0x00000000029a0800 Exception <a 'java/security/PrivilegedActionException'> (0x00000000e06ff448) thrown at [C:\re\workspace\8-2-build-windows-amd64-cygwin\jdk8u111\7883\hotspot\src\share\vm\prims\jvm.cpp, line 1386]
Event: 0.399 Thread 0x00000000029a0800 Exception <a 'java/security/PrivilegedActionException'> (0x00000000e0703090) thrown at [C:\re\workspace\8-2-build-windows-amd64-cygwin\jdk8u111\7883\hotspot\src\share\vm\prims\jvm.cpp, line 1386]
Event: 0.399 Thread 0x00000000029a0800 Exception <a 'java/security/PrivilegedActionException'> (0x00000000e07032a0) thrown at [C:\re\workspace\8-2-build-windows-amd64-cygwin\jdk8u111\7883\hotspot\src\share\vm\prims\jvm.cpp, line 1386]
Event: 0.405 Thread 0x00000000029a0800 Exception <a 'java/io/FileNotFoundException'> (0x00000000e07063d0) thrown at [C:\re\workspace\8-2-build-windows-amd64-cygwin\jdk8u111\7883\hotspot\src\share\vm\prims\jni.cpp, line 709]
Event: 0.456 Thread 0x00000000029a0800 Exception <a 'java/lang/NoSuchFieldError': method resolution failed> (0x00000000e07d45b8) thrown at [C:\re\workspace\8-2-build-windows-amd64-cygwin\jdk8u111\7883\hotspot\src\share\vm\prims\methodHandles.cpp, line 1146]
Event: 0.469 Thread 0x00000000029a0800 Exception <a 'java/lang/NoSuchFieldError': method resolution failed> (0x00000000e07e1988) thrown at [C:\re\workspace\8-2-build-windows-amd64-cygwin\jdk8u111\7883\hotspot\src\share\vm\prims\methodHandles.cpp, line 1146]
Event: 0.538 Thread 0x00000000029a0800 Exception <a 'java/io/FileNotFoundException'> (0x00000000e0876ef0) thrown at [C:\re\workspace\8-2-build-windows-amd64-cygwin\jdk8u111\7883\hotspot\src\share\vm\prims\jni.cpp, line 709]
Event: 0.582 Thread 0x00000000029a0800 Implicit null exception at 0x0000000002c065db to 0x0000000002c0678d

Events (10 events):
Event: 3.400 loading class sun/awt/windows/WFontConfiguration
Event: 3.400 loading class sun/awt/FontConfiguration
Event: 3.401 loading class sun/awt/FontConfiguration done
Event: 3.401 loading class sun/awt/windows/WFontConfiguration done
Event: 3.402 loading class sun/awt/FontDescriptor
Event: 3.402 loading class sun/awt/FontDescriptor done
Event: 3.403 loading class java/io/DataInputStream
Event: 3.404 loading class java/io/DataInput
Event: 3.404 loading class java/io/DataInput done
Event: 3.404 loading class java/io/DataInputStream done


Dynamic libraries:
0x00007ff66d970000 - 0x00007ff66d9a7000 	C:\Program Files\Java\jre1.8.0_111\bin\javaw.exe
0x00007fffa3ac0000 - 0x00007fffa3cad000 	C:\WINDOWS\SYSTEM32\ntdll.dll
0x00007fffa0d40000 - 0x00007fffa0df3000 	C:\WINDOWS\System32\KERNEL32.DLL
0x00007fff9fe00000 - 0x00007fffa0093000 	C:\WINDOWS\System32\KERNELBASE.dll
0x00007fffa3060000 - 0x00007fffa3103000 	C:\WINDOWS\System32\ADVAPI32.dll
0x00007fffa0e00000 - 0x00007fffa0e9e000 	C:\WINDOWS\System32\msvcrt.dll
0x00007fffa2f60000 - 0x00007fffa2ffe000 	C:\WINDOWS\System32\sechost.dll
0x00007fffa3930000 - 0x00007fffa3a52000 	C:\WINDOWS\System32\RPCRT4.dll
0x00007fffa2dc0000 - 0x00007fffa2f57000 	C:\WINDOWS\System32\USER32.dll
0x00007fffa0ca0000 - 0x00007fffa0cc0000 	C:\WINDOWS\System32\win32u.dll
0x00007fffa3a60000 - 0x00007fffa3a89000 	C:\WINDOWS\System32\GDI32.dll
0x00007fffa00d0000 - 0x00007fffa0269000 	C:\WINDOWS\System32\gdi32full.dll
0x00007fff9fb80000 - 0x00007fff9fc20000 	C:\WINDOWS\System32\msvcp_win.dll
0x00007fffa0450000 - 0x00007fffa054a000 	C:\WINDOWS\System32\ucrtbase.dll
0x00007fff8e1d0000 - 0x00007fff8e449000 	C:\WINDOWS\WinSxS\amd64_microsoft.windows.common-controls_6595b64144ccf1df_6.0.17763.737_none_05b6437c071e554b\COMCTL32.dll
0x00007fffa0f10000 - 0x00007fffa123c000 	C:\WINDOWS\System32\combase.dll
0x00007fff9fc20000 - 0x00007fff9fc9e000 	C:\WINDOWS\System32\bcryptPrimitives.dll
0x00007fffa1250000 - 0x00007fffa127e000 	C:\WINDOWS\System32\IMM32.DLL
0x0000000054ca0000 - 0x0000000054d72000 	C:\Program Files\Java\jre1.8.0_111\bin\msvcr100.dll
0x0000000054e30000 - 0x00000000556ca000 	C:\Program Files\Java\jre1.8.0_111\bin\server\jvm.dll
0x00007fffa2b70000 - 0x00007fffa2b78000 	C:\WINDOWS\System32\PSAPI.DLL
0x00007fff951c0000 - 0x00007fff951ca000 	C:\WINDOWS\SYSTEM32\VERSION.dll
0x00007fff9d6b0000 - 0x00007fff9d6d4000 	C:\WINDOWS\SYSTEM32\WINMM.dll
0x00007fff9d680000 - 0x00007fff9d6ad000 	C:\WINDOWS\SYSTEM32\WINMMBASE.dll
0x00007fff9fdb0000 - 0x00007fff9fdfa000 	C:\WINDOWS\System32\cfgmgr32.dll
0x00007fff9c600000 - 0x00007fff9c609000 	C:\WINDOWS\SYSTEM32\WSOCK32.dll
0x00007fffa0ea0000 - 0x00007fffa0f0d000 	C:\WINDOWS\System32\ws2_32.DLL
0x0000000055740000 - 0x000000005574f000 	C:\Program Files\Java\jre1.8.0_111\bin\verify.dll
0x0000000054e00000 - 0x0000000054e29000 	C:\Program Files\Java\jre1.8.0_111\bin\java.dll
0x0000000055720000 - 0x0000000055736000 	C:\Program Files\Java\jre1.8.0_111\bin\zip.dll
0x00007fffa13f0000 - 0x00007fffa28e2000 	C:\WINDOWS\System32\SHELL32.dll
0x00007fffa2ac0000 - 0x00007fffa2b68000 	C:\WINDOWS\System32\shcore.dll
0x00007fffa0550000 - 0x00007fffa0c9a000 	C:\WINDOWS\System32\windows.storage.dll
0x00007fff9fb50000 - 0x00007fff9fb74000 	C:\WINDOWS\System32\profapi.dll
0x00007fff9faf0000 - 0x00007fff9fb4d000 	C:\WINDOWS\System32\powrprof.dll
0x00007fffa3000000 - 0x00007fffa3052000 	C:\WINDOWS\System32\shlwapi.dll
0x00007fff9fab0000 - 0x00007fff9fac1000 	C:\WINDOWS\System32\kernel.appcore.dll
0x00007fffa0cc0000 - 0x00007fffa0cd7000 	C:\WINDOWS\System32\cryptsp.dll
0x0000000054b00000 - 0x0000000054c98000 	C:\Program Files\Java\jre1.8.0_111\bin\awt.dll
0x00007fffa3860000 - 0x00007fffa3924000 	C:\WINDOWS\System32\OLEAUT32.dll
0x00007fff9dd20000 - 0x00007fff9ddac000 	C:\WINDOWS\SYSTEM32\apphelp.dll
0x00007fff9e150000 - 0x00007fff9e17e000 	C:\WINDOWS\system32\DWMAPI.DLL
0x00007fffa0270000 - 0x00007fffa044b000 	C:\WINDOWS\System32\CRYPT32.dll
0x00007fff9fad0000 - 0x00007fff9fae2000 	C:\WINDOWS\System32\MSASN1.dll
0x00007fff9ded0000 - 0x00007fff9df6c000 	C:\WINDOWS\system32\uxtheme.dll
0x00007fffa1280000 - 0x00007fffa13eb000 	C:\WINDOWS\System32\MSCTF.dll
0x00007fffa2c60000 - 0x00007fffa2db5000 	C:\WINDOWS\System32\ole32.dll
0x0000000054ab0000 - 0x0000000054af7000 	C:\Program Files\Java\jre1.8.0_111\bin\fontmanager.dll
0x0000000054de0000 - 0x0000000054dfa000 	C:\Program Files\Java\jre1.8.0_111\bin\net.dll
0x00007fff9f320000 - 0x00007fff9f387000 	C:\WINDOWS\system32\mswsock.dll
0x0000000054dc0000 - 0x0000000054dd1000 	C:\Program Files\Java\jre1.8.0_111\bin\nio.dll

VM Arguments:
jvm_args: -Dfile.encoding=Cp1252 
java_command: views.JFramePpal
java_class_path (initial): C:\Users\Toshiba\Desktop\Nueva carpeta (2)\p_DespegarInterface_V1.0\bin
Launcher Type: SUN_STANDARD

Environment Variables:
PATH=C:/Program Files/Java/jre1.8.0_111/bin/server;C:/Program Files/Java/jre1.8.0_111/bin;C:/Program Files/Java/jre1.8.0_111/lib/amd64;C:\WINDOWS\system32;C:\WINDOWS;C:\WINDOWS\System32\Wbem;C:\WINDOWS\System32\WindowsPowerShell\v1.0\;C:\WINDOWS\System32\OpenSSH\;C:\Program Files\MATLAB\R2017a\runtime\win64;C:\Program Files\MATLAB\R2017a\bin;C:\Program Files\Java\jdk1.8.0_111\bin;C:\Users\Toshiba\AppData\Local\Microsoft\WindowsApps;;C:\Users\Toshiba\Desktop;
USERNAME=Toshiba
OS=Windows_NT
PROCESSOR_IDENTIFIER=Intel64 Family 6 Model 69 Stepping 1, GenuineIntel



---------------  S Y S T E M  ---------------

OS: Windows 10.0 , 64 bit Build 17763 (10.0.17763.475)

CPU:total 4 (2 cores per cpu, 2 threads per core) family 6 model 69 stepping 1, cmov, cx8, fxsr, mmx, sse, sse2, sse3, ssse3, sse4.1, sse4.2, popcnt, avx, avx2, aes, clmul, erms, lzcnt, ht, tsc, tscinvbit, bmi1, bmi2

Memory: 4k page, physical 6209680k(419788k free), swap 24959836k(4996k free)

vm_info: Java HotSpot(TM) 64-Bit Server VM (25.111-b14) for windows-amd64 JRE (1.8.0_111-b14), built on Sep 22 2016 19:24:05 by "java_re" with MS VC++ 10.0 (VS2010)

time: Tue Sep 24 23:48:41 2019
elapsed time: 3 seconds (0d 0h 0m 3s)

