!SESSION 2019-11-01 15:33:58.038 -----------------------------------------------
eclipse.buildId=4.6.3.M20170301-0400
java.version=1.8.0_111
java.vendor=Oracle Corporation
BootLoader constants: OS=win32, ARCH=x86_64, WS=win32, NL=es_ES
Framework arguments:  -product org.eclipse.epp.package.java.product
Command-line arguments:  -os win32 -ws win32 -arch x86_64 -product org.eclipse.epp.package.java.product

This is a continuation of log file E:\Programacion\P(II)\Projects\.metadata\.bak_0.log
Created Time: 2019-11-01 15:35:11.912

!ENTRY org.eclipse.e4.ui.workbench 2 0 2019-11-01 15:35:11.953
!MESSAGE Removing part descriptor with the 'org.eclipse.eclemma.ui.CoverageView' id and the 'Coverage' description. Points to the invalid 'bundleclass://org.eclipse.ui.workbench/org.eclipse.ui.internal.e4.compatibility.CompatibilityView' class.

!ENTRY org.eclipse.e4.ui.workbench 2 0 2019-11-01 15:35:12.364
!MESSAGE Removing part descriptor with the 'org.eclipse.tips.ide.tipPart' id and the 'Tip of the Day' description. Points to the invalid 'bundleclass://org.eclipse.tips.ide/org.eclipse.tips.ide.internal.TipPart' class.

!ENTRY org.eclipse.ui 4 4 2019-11-01 15:44:54.205
!MESSAGE Unable to create part
!SUBENTRY 1 org.eclipse.core.filebuffers 4 0 2019-11-01 15:44:54.205
!MESSAGE Cannot determine URI for '/p_Carrera_V1.1/src/views/JDAddRunner.java'.
!STACK 1
org.eclipse.core.runtime.CoreException: Cannot determine URI for '/p_Carrera_V1.1/src/views/JDAddRunner.java'.
	at org.eclipse.core.internal.filebuffers.ResourceFileBuffer.create(ResourceFileBuffer.java:239)
	at org.eclipse.core.internal.filebuffers.TextFileBufferManager.connect(TextFileBufferManager.java:112)
	at org.eclipse.ui.editors.text.TextFileDocumentProvider.createFileInfo(TextFileDocumentProvider.java:560)
	at org.eclipse.jdt.internal.ui.javaeditor.CompilationUnitDocumentProvider.createFileInfo(CompilationUnitDocumentProvider.java:1010)
	at org.eclipse.ui.editors.text.TextFileDocumentProvider.connect(TextFileDocumentProvider.java:478)
	at org.eclipse.jdt.internal.ui.javaeditor.CompilationUnitDocumentProvider.connect(CompilationUnitDocumentProvider.java:1274)
	at org.eclipse.ui.texteditor.AbstractTextEditor.doSetInput(AbstractTextEditor.java:4178)
	at org.eclipse.ui.texteditor.StatusTextEditor.doSetInput(StatusTextEditor.java:229)
	at org.eclipse.ui.texteditor.AbstractDecoratedTextEditor.doSetInput(AbstractDecoratedTextEditor.java:1466)
	at org.eclipse.jdt.internal.ui.javaeditor.JavaEditor.internalDoSetInput(JavaEditor.java:2557)
	at org.eclipse.jdt.internal.ui.javaeditor.JavaEditor.doSetInput(JavaEditor.java:2530)
	at org.eclipse.jdt.internal.ui.javaeditor.CompilationUnitEditor.doSetInput(CompilationUnitEditor.java:1417)
	at org.eclipse.ui.texteditor.AbstractTextEditor$5.run(AbstractTextEditor.java:3154)
	at org.eclipse.jface.operation.ModalContext.runInCurrentThread(ModalContext.java:437)
	at org.eclipse.jface.operation.ModalContext.run(ModalContext.java:353)
	at org.eclipse.ui.internal.WorkbenchWindow$14.run(WorkbenchWindow.java:2184)
	at org.eclipse.swt.custom.BusyIndicator.showWhile(BusyIndicator.java:70)
	at org.eclipse.ui.internal.WorkbenchWindow.run(WorkbenchWindow.java:2180)
	at org.eclipse.ui.texteditor.AbstractTextEditor.internalInit(AbstractTextEditor.java:3172)
	at org.eclipse.ui.texteditor.AbstractTextEditor.init(AbstractTextEditor.java:3197)
	at org.eclipse.ui.internal.EditorReference.initialize(EditorReference.java:362)
	at org.eclipse.ui.internal.e4.compatibility.CompatibilityPart.create(CompatibilityPart.java:318)
	at sun.reflect.NativeMethodAccessorImpl.invoke0(Native Method)
	at sun.reflect.NativeMethodAccessorImpl.invoke(Unknown Source)
	at sun.reflect.DelegatingMethodAccessorImpl.invoke(Unknown Source)
	at java.lang.reflect.Method.invoke(Unknown Source)
	at org.eclipse.e4.core.internal.di.MethodRequestor.execute(MethodRequestor.java:55)
	at org.eclipse.e4.core.internal.di.InjectorImpl.processAnnotated(InjectorImpl.java:966)
	at org.eclipse.e4.core.internal.di.InjectorImpl.processAnnotated(InjectorImpl.java:931)
	at org.eclipse.e4.core.internal.di.InjectorImpl.inject(InjectorImpl.java:151)
	at org.eclipse.e4.core.internal.di.InjectorImpl.internalMake(InjectorImpl.java:375)
	at org.eclipse.e4.core.internal.di.InjectorImpl.make(InjectorImpl.java:294)
	at org.eclipse.e4.core.contexts.ContextInjectionFactory.make(ContextInjectionFactory.java:162)
	at org.eclipse.e4.ui.internal.workbench.ReflectionContributionFactory.createFromBundle(ReflectionContributionFactory.java:105)
	at org.eclipse.e4.ui.internal.workbench.ReflectionContributionFactory.doCreate(ReflectionContributionFactory.java:74)
	at org.eclipse.e4.ui.internal.workbench.ReflectionContributionFactory.create(ReflectionContributionFactory.java:56)
	at org.eclipse.e4.ui.workbench.renderers.swt.ContributedPartRenderer.createWidget(ContributedPartRenderer.java:129)
	at org.eclipse.e4.ui.internal.workbench.swt.PartRenderingEngine.createWidget(PartRenderingEngine.java:975)
	at org.eclipse.e4.ui.internal.workbench.swt.PartRenderingEngine.safeCreateGui(PartRenderingEngine.java:651)
	at org.eclipse.e4.ui.internal.workbench.swt.PartRenderingEngine.safeCreateGui(PartRenderingEngine.java:757)
	at org.eclipse.e4.ui.internal.workbench.swt.PartRenderingEngine.access$0(PartRenderingEngine.java:728)
	at org.eclipse.e4.ui.internal.workbench.swt.PartRenderingEngine$2.run(PartRenderingEngine.java:722)
	at org.eclipse.core.runtime.SafeRunner.run(SafeRunner.java:42)
	at org.eclipse.e4.ui.internal.workbench.swt.PartRenderingEngine.createGui(PartRenderingEngine.java:706)
	at org.eclipse.e4.ui.internal.workbench.PartServiceImpl$1.handleEvent(PartServiceImpl.java:104)
	at org.eclipse.e4.ui.services.internal.events.UIEventHandler$1.run(UIEventHandler.java:40)
	at org.eclipse.swt.widgets.Synchronizer.syncExec(Synchronizer.java:233)
	at org.eclipse.ui.internal.UISynchronizer.syncExec(UISynchronizer.java:145)
	at org.eclipse.swt.widgets.Display.syncExec(Display.java:4821)
	at org.eclipse.e4.ui.internal.workbench.swt.E4Application$1.syncExec(E4Application.java:211)
	at org.eclipse.e4.ui.services.internal.events.UIEventHandler.handleEvent(UIEventHandler.java:36)
	at org.eclipse.equinox.internal.event.EventHandlerWrapper.handleEvent(EventHandlerWrapper.java:201)
	at org.eclipse.equinox.internal.event.EventHandlerTracker.dispatchEvent(EventHandlerTracker.java:197)
	at org.eclipse.equinox.internal.event.EventHandlerTracker.dispatchEvent(EventHandlerTracker.java:1)
	at org.eclipse.osgi.framework.eventmgr.EventManager.dispatchEvent(EventManager.java:230)
	at org.eclipse.osgi.framework.eventmgr.ListenerQueue.dispatchEventSynchronous(ListenerQueue.java:148)
	at org.eclipse.equinox.internal.event.EventAdminImpl.dispatchEvent(EventAdminImpl.java:135)
	at org.eclipse.equinox.internal.event.EventAdminImpl.sendEvent(EventAdminImpl.java:78)
	at org.eclipse.equinox.internal.event.EventComponent.sendEvent(EventComponent.java:39)
	at org.eclipse.e4.ui.services.internal.events.EventBroker.send(EventBroker.java:94)
	at org.eclipse.e4.ui.internal.workbench.UIEventPublisher.notifyChanged(UIEventPublisher.java:60)
	at org.eclipse.emf.common.notify.impl.BasicNotifierImpl.eNotify(BasicNotifierImpl.java:374)
	at org.eclipse.e4.ui.model.application.ui.impl.ElementContainerImpl.setSelectedElement(ElementContainerImpl.java:173)
	at org.eclipse.e4.ui.internal.workbench.PartServiceImpl.hidePart(PartServiceImpl.java:1331)
	at org.eclipse.ui.internal.WorkbenchPage.hidePart(WorkbenchPage.java:1590)
	at org.eclipse.ui.internal.WorkbenchPage.hidePart(WorkbenchPage.java:1541)
	at org.eclipse.ui.internal.WorkbenchPage.closeEditors(WorkbenchPage.java:1511)
	at org.eclipse.ui.internal.WorkbenchPage.closeEditor(WorkbenchPage.java:1636)
	at org.eclipse.ui.texteditor.AbstractTextEditor$10.run(AbstractTextEditor.java:4275)
	at org.eclipse.swt.widgets.RunnableLock.run(RunnableLock.java:35)
	at org.eclipse.swt.widgets.Synchronizer.runAsyncMessages(Synchronizer.java:182)
	at org.eclipse.swt.widgets.Display.runAsyncMessages(Display.java:4211)
	at org.eclipse.swt.widgets.Display.readAndDispatch(Display.java:3827)
	at org.eclipse.jface.operation.ModalContext$ModalContextThread.block(ModalContext.java:165)
	at org.eclipse.jface.operation.ModalContext.run(ModalContext.java:369)
	at org.eclipse.ltk.internal.ui.refactoring.RefactoringWizardDialog2.run(RefactoringWizardDialog2.java:319)
	at org.eclipse.ltk.ui.refactoring.RefactoringWizard.internalPerformFinish(RefactoringWizard.java:636)
	at org.eclipse.ltk.internal.ui.refactoring.ErrorWizardPage.performFinish(ErrorWizardPage.java:148)
	at org.eclipse.ltk.ui.refactoring.RefactoringWizard.performFinish(RefactoringWizard.java:710)
	at org.eclipse.ltk.internal.ui.refactoring.RefactoringWizardDialog2.okPressed(RefactoringWizardDialog2.java:458)
	at org.eclipse.jface.dialogs.Dialog.buttonPressed(Dialog.java:466)
	at org.eclipse.jface.dialogs.Dialog$2.widgetSelected(Dialog.java:618)
	at org.eclipse.swt.widgets.TypedListener.handleEvent(TypedListener.java:249)
	at org.eclipse.swt.widgets.EventTable.sendEvent(EventTable.java:84)
	at org.eclipse.swt.widgets.Display.sendEvent(Display.java:4418)
	at org.eclipse.swt.widgets.Widget.sendEvent(Widget.java:1079)
	at org.eclipse.swt.widgets.Display.runDeferredEvents(Display.java:4236)
	at org.eclipse.swt.widgets.Display.readAndDispatch(Display.java:3824)
	at org.eclipse.jface.window.Window.runEventLoop(Window.java:818)
	at org.eclipse.jface.window.Window.open(Window.java:794)
	at org.eclipse.ltk.ui.refactoring.RefactoringWizardOpenOperation$1.run(RefactoringWizardOpenOperation.java:188)
	at org.eclipse.swt.custom.BusyIndicator.showWhile(BusyIndicator.java:70)
	at org.eclipse.ltk.ui.refactoring.RefactoringWizardOpenOperation.run(RefactoringWizardOpenOperation.java:203)
	at org.eclipse.ltk.ui.refactoring.RefactoringWizardOpenOperation.run(RefactoringWizardOpenOperation.java:122)
	at org.eclipse.ltk.internal.ui.refactoring.actions.DeleteResourcesHandler.execute(DeleteResourcesHandler.java:41)
	at org.eclipse.ui.internal.handlers.HandlerProxy.execute(HandlerProxy.java:295)
	at org.eclipse.ui.internal.handlers.E4HandlerProxy.execute(E4HandlerProxy.java:90)
	at sun.reflect.NativeMethodAccessorImpl.invoke0(Native Method)
	at sun.reflect.NativeMethodAccessorImpl.invoke(Unknown Source)
	at sun.reflect.DelegatingMethodAccessorImpl.invoke(Unknown Source)
	at java.lang.reflect.Method.invoke(Unknown Source)
	at org.eclipse.e4.core.internal.di.MethodRequestor.execute(MethodRequestor.java:55)
	at org.eclipse.e4.core.internal.di.InjectorImpl.invokeUsingClass(InjectorImpl.java:282)
	at org.eclipse.e4.core.internal.di.InjectorImpl.invoke(InjectorImpl.java:264)
	at org.eclipse.e4.core.contexts.ContextInjectionFactory.invoke(ContextInjectionFactory.java:132)
	at org.eclipse.e4.core.commands.internal.HandlerServiceHandler.execute(HandlerServiceHandler.java:152)
	at org.eclipse.core.commands.Command.executeWithChecks(Command.java:494)
	at org.eclipse.core.commands.ParameterizedCommand.executeWithChecks(ParameterizedCommand.java:488)
	at org.eclipse.e4.core.commands.internal.HandlerServiceImpl.executeHandler(HandlerServiceImpl.java:210)
	at org.eclipse.ui.internal.handlers.LegacyHandlerService.executeCommandInContext(LegacyHandlerService.java:405)
	at org.eclipse.ui.internal.ide.actions.LTKLauncher.runCommand(LTKLauncher.java:96)
	at org.eclipse.ui.internal.ide.actions.LTKLauncher.openDeleteWizard(LTKLauncher.java:48)
	at org.eclipse.ui.actions.DeleteResourceAction.run(DeleteResourceAction.java:445)
	at org.eclipse.jdt.internal.ui.refactoring.reorg.DeleteAction.run(DeleteAction.java:194)
	at org.eclipse.jdt.ui.actions.SelectionDispatchAction.dispatchRun(SelectionDispatchAction.java:271)
	at org.eclipse.jdt.ui.actions.SelectionDispatchAction.run(SelectionDispatchAction.java:249)
	at org.eclipse.jface.action.Action.runWithEvent(Action.java:473)
	at org.eclipse.jface.commands.ActionHandler.execute(ActionHandler.java:118)
	at org.eclipse.ui.internal.handlers.E4HandlerProxy.execute(E4HandlerProxy.java:90)
	at sun.reflect.NativeMethodAccessorImpl.invoke0(Native Method)
	at sun.reflect.NativeMethodAccessorImpl.invoke(Unknown Source)
	at sun.reflect.DelegatingMethodAccessorImpl.invoke(Unknown Source)
	at java.lang.reflect.Method.invoke(Unknown Source)
	at org.eclipse.e4.core.internal.di.MethodRequestor.execute(MethodRequestor.java:55)
	at org.eclipse.e4.core.internal.di.InjectorImpl.invokeUsingClass(InjectorImpl.java:282)
	at org.eclipse.e4.core.internal.di.InjectorImpl.invoke(InjectorImpl.java:264)
	at org.eclipse.e4.core.contexts.ContextInjectionFactory.invoke(ContextInjectionFactory.java:132)
	at org.eclipse.e4.core.commands.internal.HandlerServiceHandler.execute(HandlerServiceHandler.java:152)
	at org.eclipse.core.commands.Command.executeWithChecks(Command.java:494)
	at org.eclipse.core.commands.ParameterizedCommand.executeWithChecks(ParameterizedCommand.java:488)
	at org.eclipse.e4.core.commands.internal.HandlerServiceImpl.executeHandler(HandlerServiceImpl.java:210)
	at org.eclipse.e4.ui.bindings.keys.KeyBindingDispatcher.executeCommand(KeyBindingDispatcher.java:286)
	at org.eclipse.e4.ui.bindings.keys.KeyBindingDispatcher.press(KeyBindingDispatcher.java:507)
	at org.eclipse.e4.ui.bindings.keys.KeyBindingDispatcher.processKeyEvent(KeyBindingDispatcher.java:558)
	at org.eclipse.e4.ui.bindings.keys.OutOfOrderListener.handleEvent(OutOfOrderListener.java:72)
	at org.eclipse.swt.widgets.EventTable.sendEvent(EventTable.java:84)
	at org.eclipse.swt.widgets.Display.sendEvent(Display.java:4418)
	at org.eclipse.swt.widgets.Widget.sendEvent(Widget.java:1079)
	at org.eclipse.swt.widgets.Widget.sendEvent(Widget.java:1103)
	at org.eclipse.swt.widgets.Widget.sendEvent(Widget.java:1088)
	at org.eclipse.swt.widgets.Widget.sendKeyEvent(Widget.java:1130)
	at org.eclipse.swt.widgets.Widget.sendKeyEvent(Widget.java:1126)
	at org.eclipse.swt.widgets.Widget.wmKeyDown(Widget.java:1849)
	at org.eclipse.swt.widgets.Control.WM_KEYDOWN(Control.java:5172)
	at org.eclipse.swt.widgets.Tree.WM_KEYDOWN(Tree.java:6211)
	at org.eclipse.swt.widgets.Control.windowProc(Control.java:4831)
	at org.eclipse.swt.widgets.Tree.windowProc(Tree.java:6074)
	at org.eclipse.swt.widgets.Display.windowProc(Display.java:5110)
	at org.eclipse.swt.internal.win32.OS.DispatchMessageW(Native Method)
	at org.eclipse.swt.internal.win32.OS.DispatchMessage(OS.java:2552)
	at org.eclipse.swt.widgets.Display.readAndDispatch(Display.java:3822)
	at org.eclipse.e4.ui.internal.workbench.swt.PartRenderingEngine$4.run(PartRenderingEngine.java:1121)
	at org.eclipse.core.databinding.observable.Realm.runWithDefault(Realm.java:336)
	at org.eclipse.e4.ui.internal.workbench.swt.PartRenderingEngine.run(PartRenderingEngine.java:1022)
	at org.eclipse.e4.ui.internal.workbench.E4Workbench.createAndRunUI(E4Workbench.java:150)
	at org.eclipse.ui.internal.Workbench$5.run(Workbench.java:693)
	at org.eclipse.core.databinding.observable.Realm.runWithDefault(Realm.java:336)
	at org.eclipse.ui.internal.Workbench.createAndRunWorkbench(Workbench.java:610)
	at org.eclipse.ui.PlatformUI.createAndRunWorkbench(PlatformUI.java:148)
	at org.eclipse.ui.internal.ide.application.IDEApplication.start(IDEApplication.java:138)
	at org.eclipse.equinox.internal.app.EclipseAppHandle.run(EclipseAppHandle.java:196)
	at org.eclipse.core.runtime.internal.adaptor.EclipseAppLauncher.runApplication(EclipseAppLauncher.java:134)
	at org.eclipse.core.runtime.internal.adaptor.EclipseAppLauncher.start(EclipseAppLauncher.java:104)
	at org.eclipse.core.runtime.adaptor.EclipseStarter.run(EclipseStarter.java:388)
	at org.eclipse.core.runtime.adaptor.EclipseStarter.run(EclipseStarter.java:243)
	at sun.reflect.NativeMethodAccessorImpl.invoke0(Native Method)
	at sun.reflect.NativeMethodAccessorImpl.invoke(Unknown Source)
	at sun.reflect.DelegatingMethodAccessorImpl.invoke(Unknown Source)
	at java.lang.reflect.Method.invoke(Unknown Source)
	at org.eclipse.equinox.launcher.Main.invokeFramework(Main.java:673)
	at org.eclipse.equinox.launcher.Main.basicRun(Main.java:610)
	at org.eclipse.equinox.launcher.Main.run(Main.java:1519)
!SUBENTRY 2 org.eclipse.core.filebuffers 4 0 2019-11-01 15:44:54.208
!MESSAGE Cannot determine URI for '/p_Carrera_V1.1/src/views/JDAddRunner.java'.
!SESSION 2019-11-01 17:46:59.092 -----------------------------------------------
eclipse.buildId=4.6.3.M20170301-0400
java.version=1.8.0_111
java.vendor=Oracle Corporation
BootLoader constants: OS=win32, ARCH=x86_64, WS=win32, NL=es_ES
Framework arguments:  -product org.eclipse.epp.package.java.product
Command-line arguments:  -os win32 -ws win32 -arch x86_64 -product org.eclipse.epp.package.java.product

!ENTRY org.eclipse.e4.ui.workbench 4 0 2019-11-01 17:50:51.902
!MESSAGE Unable to retrieve the bundle from the URI: bundleclass://org.eclipse.recommenders.news.rcp/org.eclipse.recommenders.internal.news.rcp.poll.PollNewsFeedsHandler

!ENTRY org.eclipse.e4.ui.workbench 4 0 2019-11-01 17:50:53.068
!MESSAGE Unable to retrieve the bundle from the URI: bundleclass://org.eclipse.recommenders.news.rcp/org.eclipse.recommenders.internal.news.rcp.read.ReadNewsItemsHandler

!ENTRY org.eclipse.jdt.core 4 0 2019-11-01 17:51:09.877
!MESSAGE Invalid ZIP archive: E:\Programacion\P(II)\Projects\p_Carrera_V1.1\src\lib\jcalendar-1.4.jar

!ENTRY org.eclipse.e4.ui.workbench 4 0 2019-11-01 17:51:12.341
!MESSAGE Unable to retrieve the bundle from the URI: bundleclass://org.eclipse.recommenders.news.rcp/org.eclipse.recommenders.internal.news.rcp.toolbar.NewsToolControl

!ENTRY org.eclipse.egit.ui 2 0 2019-11-01 17:51:14.421
!MESSAGE Warning: The environment variable HOME is not set. The following directory will be used to store the Git
user global configuration and to define the default location to store repositories: 'C:\Users\Toshiba'. If this is
not correct please set the HOME environment variable and restart Eclipse. Otherwise Git for Windows and
EGit might behave differently since they see different configuration options.
This warning can be switched off on the Team > Git > Confirmations and Warnings preference page.

!ENTRY org.eclipse.epp.logging.aeri.ide 2 17 2019-11-01 17:51:19.741
!MESSAGE Server ‘org.eclipse.epp.logging.aeri.ide.server’ failed with exception: java.lang.IllegalStateException: Expected BEGIN_OBJECT but was STRING at line 1 column 1. ; version: 2.0.4.v20170307-1435
!STACK 0
com.google.gson.JsonSyntaxException: java.lang.IllegalStateException: Expected BEGIN_OBJECT but was STRING at line 1 column 1
	at com.google.gson.internal.bind.ReflectiveTypeAdapterFactory$Adapter.read(ReflectiveTypeAdapterFactory.java:176)
	at com.google.gson.Gson.fromJson(Gson.java:803)
	at com.google.gson.Gson.fromJson(Gson.java:768)
	at com.google.gson.Gson.fromJson(Gson.java:717)
	at org.eclipse.epp.internal.logging.aeri.ide.server.json.Json.deserialize(Json.java:93)
	at org.eclipse.epp.internal.logging.aeri.ide.server.mars.IO.refreshConfiguration(IO.java:70)
	at org.eclipse.epp.internal.logging.aeri.ide.server.mars.ServerConnection.startUp(ServerConnection.java:124)
	at com.google.common.util.concurrent.AbstractIdleService$2$1.run(AbstractIdleService.java:54)
	at com.google.common.util.concurrent.Callables$3.run(Callables.java:93)
	at java.lang.Thread.run(Unknown Source)
Caused by: java.lang.IllegalStateException: Expected BEGIN_OBJECT but was STRING at line 1 column 1
	at com.google.gson.stream.JsonReader.beginObject(JsonReader.java:374)
	at com.google.gson.internal.bind.ReflectiveTypeAdapterFactory$Adapter.read(ReflectiveTypeAdapterFactory.java:165)
	... 9 more

!ENTRY org.eclipse.m2e.logback.appender 2 0 2019-11-01 18:39:32.917
!MESSAGE Failed to download org.eclipse.recommenders:index::zip:0.0.0
!STACK 0
org.eclipse.aether.resolution.ArtifactResolutionException: Could not find artifact org.eclipse.recommenders:index:zip:0.0.0-SNAPSHOT in models (http://download.eclipse.org/recommenders/models/neon/)
	at org.eclipse.aether.internal.impl.DefaultArtifactResolver.resolve(DefaultArtifactResolver.java:444)
	at org.eclipse.aether.internal.impl.DefaultArtifactResolver.resolveArtifacts(DefaultArtifactResolver.java:246)
	at org.eclipse.aether.internal.impl.DefaultArtifactResolver.resolveArtifact(DefaultArtifactResolver.java:223)
	at org.eclipse.aether.internal.impl.DefaultRepositorySystem.resolveArtifact(DefaultRepositorySystem.java:294)
	at org.eclipse.recommenders.models.ModelRepository.resolveInternal(ModelRepository.java:193)
	at org.eclipse.recommenders.models.ModelRepository.resolve(ModelRepository.java:172)
	at org.eclipse.recommenders.internal.models.rcp.EclipseModelRepository.resolve(EclipseModelRepository.java:169)
	at org.eclipse.recommenders.internal.models.rcp.DownloadModelArchiveJob.run(DownloadModelArchiveJob.java:76)
	at org.eclipse.core.internal.jobs.Worker.run(Worker.java:55)
Caused by: org.eclipse.aether.transfer.ArtifactNotFoundException: Could not find artifact org.eclipse.recommenders:index:zip:0.0.0-SNAPSHOT in models (http://download.eclipse.org/recommenders/models/neon/)
	at org.eclipse.aether.connector.basic.ArtifactTransportListener.transferFailed(ArtifactTransportListener.java:39)
	at org.eclipse.aether.connector.basic.BasicRepositoryConnector$TaskRunner.run(BasicRepositoryConnector.java:355)
	at org.eclipse.aether.util.concurrency.RunnableErrorForwarder$1.run(RunnableErrorForwarder.java:67)
	at org.eclipse.aether.connector.basic.BasicRepositoryConnector$DirectExecutor.execute(BasicRepositoryConnector.java:581)
	at org.eclipse.aether.connector.basic.BasicRepositoryConnector.get(BasicRepositoryConnector.java:249)
	at org.eclipse.aether.internal.impl.DefaultArtifactResolver.performDownloads(DefaultArtifactResolver.java:520)
	at org.eclipse.aether.internal.impl.DefaultArtifactResolver.resolve(DefaultArtifactResolver.java:421)
	... 8 more

!ENTRY org.eclipse.recommenders.models.rcp 1 0 2019-11-01 18:39:33.001
!MESSAGE org.eclipse.recommenders:index::zip:0.0.0 could not be resolved from the model repositories. Are you offline?
!SESSION 2019-11-02 13:22:02.134 -----------------------------------------------
eclipse.buildId=4.13.0.I20190916-1045
java.version=1.8.0_231
java.vendor=Oracle Corporation
BootLoader constants: OS=win32, ARCH=x86_64, WS=win32, NL=es_ES
Framework arguments:  -product org.eclipse.epp.package.java.product
Command-line arguments:  -os win32 -ws win32 -arch x86_64 -product org.eclipse.epp.package.java.product

!ENTRY org.eclipse.e4.ui.workbench 4 0 2019-11-02 13:22:48.785
!MESSAGE Unable to retrieve the bundle from the URI: bundleclass://org.eclipse.recommenders.news.rcp/org.eclipse.recommenders.internal.news.rcp.poll.PollNewsFeedsHandler

!ENTRY org.eclipse.e4.ui.workbench 4 0 2019-11-02 13:22:50.170
!MESSAGE Unable to retrieve the bundle from the URI: bundleclass://org.eclipse.recommenders.news.rcp/org.eclipse.recommenders.internal.news.rcp.read.ReadNewsItemsHandler

!ENTRY org.eclipse.e4.ui.workbench 4 0 2019-11-02 13:23:12.864
!MESSAGE Unable to retrieve the bundle from the URI: bundleclass://org.eclipse.recommenders.news.rcp/org.eclipse.recommenders.internal.news.rcp.toolbar.NewsToolControl

!ENTRY org.eclipse.egit.ui 2 0 2019-11-02 13:23:17.081
!MESSAGE Warning: The environment variable HOME is not set. The following directory will be used to store the Git
user global configuration and to define the default location to store repositories: 'C:\Users\Toshiba'. If this is
not correct please set the HOME environment variable and restart Eclipse. Otherwise Git for Windows and
EGit might behave differently since they see different configuration options.
This warning can be switched off on the Team > Git > Confirmations and Warnings preference page.

!ENTRY org.eclipse.e4.ui.workbench 2 0 2019-11-02 13:23:19.373
!MESSAGE Removing part descriptor with the 'org.eclipse.recommenders.apidocs.rcp.views.apidocs' id and the 'API Docs' description. Points to the invalid 'bundleclass://org.eclipse.ui.workbench/org.eclipse.ui.internal.e4.compatibility.CompatibilityView' class.

!ENTRY org.eclipse.e4.ui.workbench 2 0 2019-11-02 13:23:19.596
!MESSAGE Removing part descriptor with the 'org.eclipse.recommenders.models.rcp.views.projectCoordinates' id and the 'Project Coordinates' description. Points to the invalid 'bundleclass://org.eclipse.ui.workbench/org.eclipse.ui.internal.e4.compatibility.CompatibilityView' class.

!ENTRY org.eclipse.e4.ui.workbench 2 0 2019-11-02 13:23:19.729
!MESSAGE Removing part descriptor with the 'org.eclipse.recommenders.models.rcp.views.modelRepositories' id and the 'Model Repositories' description. Points to the invalid 'bundleclass://org.eclipse.ui.workbench/org.eclipse.ui.internal.e4.compatibility.CompatibilityView' class.

!ENTRY org.eclipse.e4.ui.workbench 2 0 2019-11-02 13:23:19.790
!MESSAGE Removing part descriptor with the 'org.eclipse.recommenders.models.rcp.views.dependencyOverview' id and the 'Dependency Overview' description. Points to the invalid 'bundleclass://org.eclipse.ui.workbench/org.eclipse.ui.internal.e4.compatibility.CompatibilityView' class.

!ENTRY org.eclipse.e4.ui.workbench 2 0 2019-11-02 13:23:19.818
!MESSAGE Removing part descriptor with the 'org.eclipse.recommenders.snipmatch.rcp.views.snippets' id and the 'Snippets' description. Points to the invalid 'bundleclass://org.eclipse.ui.workbench/org.eclipse.ui.internal.e4.compatibility.CompatibilityView' class.

!ENTRY org.eclipse.e4.ui.workbench 2 0 2019-11-02 13:23:19.875
!MESSAGE Removing part descriptor with the 'diagramTable' id and the 'Diagrams' description. Points to the invalid 'bundleclass://org.eclipse.ui.workbench/org.eclipse.ui.internal.e4.compatibility.CompatibilityView' class.

!ENTRY org.eclipse.jdt.core 4 4 2019-11-02 13:49:47.067
!MESSAGE JavaBuilder handling CoreException
!STACK 1
org.eclipse.core.internal.resources.ResourceException(/p_Carrera_V1.1/bin/views/JDAddRunner.class)[368]: java.lang.Exception: File not found: E:\Programacion\P(II)\Projects\p_Carrera_V1.1\bin\views\JDAddRunner.class.
	at org.eclipse.core.internal.resources.ResourceException.provideStackTrace(ResourceException.java:42)
	at org.eclipse.core.internal.resources.ResourceException.<init>(ResourceException.java:38)
	at org.eclipse.core.internal.localstore.FileSystemResourceManager.read(FileSystemResourceManager.java:834)
	at org.eclipse.core.internal.resources.File.getContents(File.java:280)
	at org.eclipse.jdt.internal.core.util.Util.getResourceContentsAsByteArray(Util.java:1146)
	at org.eclipse.jdt.internal.core.builder.IncrementalImageBuilder.writeClassFileCheck(IncrementalImageBuilder.java:942)
	at org.eclipse.jdt.internal.core.builder.IncrementalImageBuilder.writeClassFileContents(IncrementalImageBuilder.java:884)
	at org.eclipse.jdt.internal.core.builder.AbstractImageBuilder.writeClassFile(AbstractImageBuilder.java:879)
	at org.eclipse.jdt.internal.core.builder.AbstractImageBuilder.acceptResult(AbstractImageBuilder.java:203)
	at org.eclipse.jdt.internal.compiler.Compiler.processCompiledUnits(Compiler.java:615)
	at org.eclipse.jdt.internal.compiler.Compiler.compile(Compiler.java:475)
	at org.eclipse.jdt.internal.compiler.Compiler.compile(Compiler.java:426)
	at org.eclipse.jdt.internal.core.builder.AbstractImageBuilder.compile(AbstractImageBuilder.java:386)
	at org.eclipse.jdt.internal.core.builder.IncrementalImageBuilder.compile(IncrementalImageBuilder.java:371)
	at org.eclipse.jdt.internal.core.builder.AbstractImageBuilder.compile(AbstractImageBuilder.java:318)
	at org.eclipse.jdt.internal.core.builder.IncrementalImageBuilder.incrementalBuildLoop(IncrementalImageBuilder.java:186)
	at org.eclipse.jdt.internal.core.builder.IncrementalImageBuilder.build(IncrementalImageBuilder.java:143)
	at org.eclipse.jdt.internal.core.builder.JavaBuilder.buildDeltas(JavaBuilder.java:292)
	at org.eclipse.jdt.internal.core.builder.JavaBuilder.build(JavaBuilder.java:212)
	at org.eclipse.core.internal.events.BuildManager$2.run(BuildManager.java:833)
	at org.eclipse.core.runtime.SafeRunner.run(SafeRunner.java:45)
	at org.eclipse.core.internal.events.BuildManager.basicBuild(BuildManager.java:220)
	at org.eclipse.core.internal.events.BuildManager.basicBuild(BuildManager.java:263)
	at org.eclipse.core.internal.events.BuildManager$1.run(BuildManager.java:316)
	at org.eclipse.core.runtime.SafeRunner.run(SafeRunner.java:45)
	at org.eclipse.core.internal.events.BuildManager.basicBuild(BuildManager.java:319)
	at org.eclipse.core.internal.events.BuildManager.basicBuildLoop(BuildManager.java:371)
	at org.eclipse.core.internal.events.BuildManager.build(BuildManager.java:392)
	at org.eclipse.core.internal.events.AutoBuildJob.doBuild(AutoBuildJob.java:154)
	at org.eclipse.core.internal.events.AutoBuildJob.run(AutoBuildJob.java:244)
	at org.eclipse.core.internal.jobs.Worker.run(Worker.java:63)
!SUBENTRY 1 org.eclipse.core.resources 4 368 2019-11-02 13:49:47.069
!MESSAGE File not found: E:\Programacion\P(II)\Projects\p_Carrera_V1.1\bin\views\JDAddRunner.class.
!STACK 0
java.lang.Exception: File not found: E:\Programacion\P(II)\Projects\p_Carrera_V1.1\bin\views\JDAddRunner.class.
	at org.eclipse.core.internal.resources.ResourceException.provideStackTrace(ResourceException.java:42)
	at org.eclipse.core.internal.resources.ResourceException.<init>(ResourceException.java:38)
	at org.eclipse.core.internal.localstore.FileSystemResourceManager.read(FileSystemResourceManager.java:834)
	at org.eclipse.core.internal.resources.File.getContents(File.java:280)
	at org.eclipse.jdt.internal.core.util.Util.getResourceContentsAsByteArray(Util.java:1146)
	at org.eclipse.jdt.internal.core.builder.IncrementalImageBuilder.writeClassFileCheck(IncrementalImageBuilder.java:942)
	at org.eclipse.jdt.internal.core.builder.IncrementalImageBuilder.writeClassFileContents(IncrementalImageBuilder.java:884)
	at org.eclipse.jdt.internal.core.builder.AbstractImageBuilder.writeClassFile(AbstractImageBuilder.java:879)
	at org.eclipse.jdt.internal.core.builder.AbstractImageBuilder.acceptResult(AbstractImageBuilder.java:203)
	at org.eclipse.jdt.internal.compiler.Compiler.processCompiledUnits(Compiler.java:615)
	at org.eclipse.jdt.internal.compiler.Compiler.compile(Compiler.java:475)
	at org.eclipse.jdt.internal.compiler.Compiler.compile(Compiler.java:426)
	at org.eclipse.jdt.internal.core.builder.AbstractImageBuilder.compile(AbstractImageBuilder.java:386)
	at org.eclipse.jdt.internal.core.builder.IncrementalImageBuilder.compile(IncrementalImageBuilder.java:371)
	at org.eclipse.jdt.internal.core.builder.AbstractImageBuilder.compile(AbstractImageBuilder.java:318)
	at org.eclipse.jdt.internal.core.builder.IncrementalImageBuilder.incrementalBuildLoop(IncrementalImageBuilder.java:186)
	at org.eclipse.jdt.internal.core.builder.IncrementalImageBuilder.build(IncrementalImageBuilder.java:143)
	at org.eclipse.jdt.internal.core.builder.JavaBuilder.buildDeltas(JavaBuilder.java:292)
	at org.eclipse.jdt.internal.core.builder.JavaBuilder.build(JavaBuilder.java:212)
	at org.eclipse.core.internal.events.BuildManager$2.run(BuildManager.java:833)
	at org.eclipse.core.runtime.SafeRunner.run(SafeRunner.java:45)
	at org.eclipse.core.internal.events.BuildManager.basicBuild(BuildManager.java:220)
	at org.eclipse.core.internal.events.BuildManager.basicBuild(BuildManager.java:263)
	at org.eclipse.core.internal.events.BuildManager$1.run(BuildManager.java:316)
	at org.eclipse.core.runtime.SafeRunner.run(SafeRunner.java:45)
	at org.eclipse.core.internal.events.BuildManager.basicBuild(BuildManager.java:319)
	at org.eclipse.core.internal.events.BuildManager.basicBuildLoop(BuildManager.java:371)
	at org.eclipse.core.internal.events.BuildManager.build(BuildManager.java:392)
	at org.eclipse.core.internal.events.AutoBuildJob.doBuild(AutoBuildJob.java:154)
	at org.eclipse.core.internal.events.AutoBuildJob.run(AutoBuildJob.java:244)
	at org.eclipse.core.internal.jobs.Worker.run(Worker.java:63)
!SESSION 2019-11-05 16:38:22.971 -----------------------------------------------
eclipse.buildId=4.13.0.I20190916-1045
java.version=1.8.0_231
java.vendor=Oracle Corporation
BootLoader constants: OS=win32, ARCH=x86_64, WS=win32, NL=es_ES
Framework arguments:  -product org.eclipse.epp.package.java.product
Command-line arguments:  -os win32 -ws win32 -arch x86_64 -product org.eclipse.epp.package.java.product

!ENTRY org.eclipse.core.resources 2 10035 2019-11-05 16:39:46.557
!MESSAGE The workspace exited with unsaved changes in the previous session; refreshing workspace to recover changes.

!ENTRY org.eclipse.e4.ui.workbench 4 0 2019-11-05 16:39:57.726
!MESSAGE Unable to retrieve the bundle from the URI: bundleclass://org.eclipse.recommenders.news.rcp/org.eclipse.recommenders.internal.news.rcp.poll.PollNewsFeedsHandler

!ENTRY org.eclipse.e4.ui.workbench 4 0 2019-11-05 16:39:57.773
!MESSAGE Unable to retrieve the bundle from the URI: bundleclass://org.eclipse.recommenders.news.rcp/org.eclipse.recommenders.internal.news.rcp.read.ReadNewsItemsHandler

!ENTRY org.eclipse.e4.ui.workbench 4 0 2019-11-05 16:41:36.922
!MESSAGE Unable to retrieve the bundle from the URI: bundleclass://org.eclipse.recommenders.news.rcp/org.eclipse.recommenders.internal.news.rcp.toolbar.NewsToolControl

!ENTRY org.eclipse.egit.ui 2 0 2019-11-05 16:41:45.166
!MESSAGE Warning: The environment variable HOME is not set. The following directory will be used to store the Git
user global configuration and to define the default location to store repositories: 'C:\Users\Toshiba'. If this is
not correct please set the HOME environment variable and restart Eclipse. Otherwise Git for Windows and
EGit might behave differently since they see different configuration options.
This warning can be switched off on the Team > Git > Confirmations and Warnings preference page.
!SESSION 2019-11-06 08:31:54.784 -----------------------------------------------
eclipse.buildId=4.11.0.I20190307-0500
java.version=1.8.0_231
java.vendor=Oracle Corporation
BootLoader constants: OS=win32, ARCH=x86_64, WS=win32, NL=es_CO
Framework arguments:  -product org.eclipse.epp.package.java.product
Command-line arguments:  -os win32 -ws win32 -arch x86_64 -product org.eclipse.epp.package.java.product

!ENTRY org.eclipse.e4.ui.workbench 4 0 2019-11-06 08:32:58.361
!MESSAGE Unable to retrieve the bundle from the URI: bundleclass://org.eclipse.recommenders.news.rcp/org.eclipse.recommenders.internal.news.rcp.poll.PollNewsFeedsHandler

!ENTRY org.eclipse.e4.ui.workbench 4 0 2019-11-06 08:33:00.988
!MESSAGE Unable to retrieve the bundle from the URI: bundleclass://org.eclipse.recommenders.news.rcp/org.eclipse.recommenders.internal.news.rcp.read.ReadNewsItemsHandler

!ENTRY org.eclipse.egit.core 1 0 2019-11-06 08:33:05.328
!MESSAGE Using Apache MINA sshd as ssh client.

!ENTRY org.eclipse.e4.ui.workbench 4 0 2019-11-06 08:33:51.086
!MESSAGE Unable to retrieve the bundle from the URI: bundleclass://org.eclipse.recommenders.news.rcp/org.eclipse.recommenders.internal.news.rcp.toolbar.NewsToolControl

!ENTRY org.eclipse.egit.ui 2 0 2019-11-06 08:33:54.970
!MESSAGE Warning: The environment variable HOME is not set. The following directory will be used to store the Git
user global configuration and to define the default location to store repositories: 'C:\Users\Sebastian'. If this is
not correct please set the HOME environment variable and restart Eclipse. Otherwise Git for Windows and
EGit might behave differently since they see different configuration options.
This warning can be switched off on the Team > Git > Confirmations and Warnings preference page.

!ENTRY org.eclipse.jdt.debug 2 0 2019-11-06 10:13:18.987
!MESSAGE Unable to find location of java.lang.Thread.setName() in debuggee JVM, for type java.lang.Thread
!SESSION 2019-11-06 13:08:37.796 -----------------------------------------------
eclipse.buildId=4.11.0.I20190307-0500
java.version=1.8.0_231
java.vendor=Oracle Corporation
BootLoader constants: OS=win32, ARCH=x86_64, WS=win32, NL=es_CO
Framework arguments:  -product org.eclipse.epp.package.java.product
Command-line arguments:  -os win32 -ws win32 -arch x86_64 -product org.eclipse.epp.package.java.product

!ENTRY org.eclipse.core.resources 2 10035 2019-11-06 13:09:39.884
!MESSAGE The workspace exited with unsaved changes in the previous session; refreshing workspace to recover changes.

!ENTRY org.eclipse.e4.ui.workbench 4 0 2019-11-06 13:09:41.679
!MESSAGE Unable to retrieve the bundle from the URI: bundleclass://org.eclipse.recommenders.news.rcp/org.eclipse.recommenders.internal.news.rcp.poll.PollNewsFeedsHandler

!ENTRY org.eclipse.e4.ui.workbench 4 0 2019-11-06 13:09:41.743
!MESSAGE Unable to retrieve the bundle from the URI: bundleclass://org.eclipse.recommenders.news.rcp/org.eclipse.recommenders.internal.news.rcp.read.ReadNewsItemsHandler

!ENTRY org.eclipse.egit.core 1 0 2019-11-06 13:09:42.776
!MESSAGE Using Apache MINA sshd as ssh client.

!ENTRY org.eclipse.egit.ui 2 0 2019-11-06 13:09:57.465
!MESSAGE Warning: The environment variable HOME is not set. The following directory will be used to store the Git
user global configuration and to define the default location to store repositories: 'C:\Users\Sebastian'. If this is
not correct please set the HOME environment variable and restart Eclipse. Otherwise Git for Windows and
EGit might behave differently since they see different configuration options.
This warning can be switched off on the Team > Git > Confirmations and Warnings preference page.
!SESSION 2019-11-06 14:13:48.273 -----------------------------------------------
eclipse.buildId=4.8.0.I20180611-0500
java.version=1.8.0_181
java.vendor=Oracle Corporation
BootLoader constants: OS=win32, ARCH=x86_64, WS=win32, NL=es_CO
Framework arguments:  -product org.eclipse.epp.package.java.product -product org.eclipse.epp.package.java.product
Command-line arguments:  -os win32 -ws win32 -arch x86_64 -product org.eclipse.epp.package.java.product -data F:\Programacion\P(II)\Projects -product org.eclipse.epp.package.java.product

!ENTRY org.eclipse.core.resources 2 10035 2019-11-06 14:13:52.927
!MESSAGE The workspace exited with unsaved changes in the previous session; refreshing workspace to recover changes.

!ENTRY org.eclipse.e4.ui.workbench 4 0 2019-11-06 14:13:53.758
!MESSAGE Unable to load resource file:/F:/Programacion/P(II)/Projects/.metadata/.plugins/org.eclipse.e4.workbench/workbench.xmi
!STACK 0
org.eclipse.emf.ecore.resource.impl.ResourceSetImpl$1DiagnosticWrappedException: org.xml.sax.SAXParseExceptionpublicId: file:/F:/Programacion/P(II)/Projects/.metadata/.plugins/org.eclipse.e4.workbench/workbench.xmi; systemId: file:/F:/Programacion/P(II)/Projects/.metadata/.plugins/org.eclipse.e4.workbench/workbench.xmi; lineNumber: 1; columnNumber: 1; Final de archivo prematuro.
	at org.eclipse.emf.ecore.resource.impl.ResourceSetImpl.handleDemandLoadException(ResourceSetImpl.java:319)
	at org.eclipse.emf.ecore.resource.impl.ResourceSetImpl.demandLoadHelper(ResourceSetImpl.java:278)
	at org.eclipse.emf.ecore.resource.impl.ResourceSetImpl.getResource(ResourceSetImpl.java:406)
	at org.eclipse.e4.ui.internal.workbench.ResourceHandler.getResource(ResourceHandler.java:282)
	at org.eclipse.e4.ui.internal.workbench.ResourceHandler.loadResource(ResourceHandler.java:258)
	at org.eclipse.e4.ui.internal.workbench.ResourceHandler.loadMostRecentModel(ResourceHandler.java:165)
	at org.eclipse.e4.ui.internal.workbench.swt.E4Application.loadApplicationModel(E4Application.java:378)
	at org.eclipse.e4.ui.internal.workbench.swt.E4Application.createE4Workbench(E4Application.java:253)
	at org.eclipse.ui.internal.Workbench.lambda$3(Workbench.java:617)
	at org.eclipse.core.databinding.observable.Realm.runWithDefault(Realm.java:336)
	at org.eclipse.ui.internal.Workbench.createAndRunWorkbench(Workbench.java:597)
	at org.eclipse.ui.PlatformUI.createAndRunWorkbench(PlatformUI.java:148)
	at org.eclipse.ui.internal.ide.application.IDEApplication.start(IDEApplication.java:152)
	at org.eclipse.equinox.internal.app.EclipseAppHandle.run(EclipseAppHandle.java:196)
	at org.eclipse.core.runtime.internal.adaptor.EclipseAppLauncher.runApplication(EclipseAppLauncher.java:134)
	at org.eclipse.core.runtime.internal.adaptor.EclipseAppLauncher.start(EclipseAppLauncher.java:104)
	at org.eclipse.core.runtime.adaptor.EclipseStarter.run(EclipseStarter.java:388)
	at org.eclipse.core.runtime.adaptor.EclipseStarter.run(EclipseStarter.java:243)
	at sun.reflect.NativeMethodAccessorImpl.invoke0(Native Method)
	at sun.reflect.NativeMethodAccessorImpl.invoke(Unknown Source)
	at sun.reflect.DelegatingMethodAccessorImpl.invoke(Unknown Source)
	at java.lang.reflect.Method.invoke(Unknown Source)
	at org.eclipse.equinox.launcher.Main.invokeFramework(Main.java:656)
	at org.eclipse.equinox.launcher.Main.basicRun(Main.java:592)
	at org.eclipse.equinox.launcher.Main.run(Main.java:1498)
Caused by: org.xml.sax.SAXParseExceptionpublicId: file:/F:/Programacion/P(II)/Projects/.metadata/.plugins/org.eclipse.e4.workbench/workbench.xmi; systemId: file:/F:/Programacion/P(II)/Projects/.metadata/.plugins/org.eclipse.e4.workbench/workbench.xmi; lineNumber: 1; columnNumber: 1; Final de archivo prematuro.
	at com.sun.org.apache.xerces.internal.util.ErrorHandlerWrapper.createSAXParseException(Unknown Source)
	at com.sun.org.apache.xerces.internal.util.ErrorHandlerWrapper.fatalError(Unknown Source)
	at com.sun.org.apache.xerces.internal.impl.XMLErrorReporter.reportError(Unknown Source)
	at com.sun.org.apache.xerces.internal.impl.XMLErrorReporter.reportError(Unknown Source)
	at com.sun.org.apache.xerces.internal.impl.XMLScanner.reportFatalError(Unknown Source)
	at com.sun.org.apache.xerces.internal.impl.XMLDocumentScannerImpl$PrologDriver.next(Unknown Source)
	at com.sun.org.apache.xerces.internal.impl.XMLDocumentScannerImpl.next(Unknown Source)
	at com.sun.org.apache.xerces.internal.impl.XMLNSDocumentScannerImpl.next(Unknown Source)
	at com.sun.org.apache.xerces.internal.impl.XMLDocumentFragmentScannerImpl.scanDocument(Unknown Source)
	at com.sun.org.apache.xerces.internal.parsers.XML11Configuration.parse(Unknown Source)
	at com.sun.org.apache.xerces.internal.parsers.XML11Configuration.parse(Unknown Source)
	at com.sun.org.apache.xerces.internal.parsers.XMLParser.parse(Unknown Source)
	at com.sun.org.apache.xerces.internal.parsers.AbstractSAXParser.parse(Unknown Source)
	at com.sun.org.apache.xerces.internal.jaxp.SAXParserImpl$JAXPSAXParser.parse(Unknown Source)
	at com.sun.org.apache.xerces.internal.jaxp.SAXParserImpl.parse(Unknown Source)
	at org.eclipse.emf.ecore.xmi.impl.XMLLoadImpl.load(XMLLoadImpl.java:175)
	at org.eclipse.emf.ecore.xmi.impl.XMLResourceImpl.doLoad(XMLResourceImpl.java:261)
	at org.eclipse.emf.ecore.resource.impl.ResourceImpl.load(ResourceImpl.java:1563)
	at org.eclipse.emf.ecore.resource.impl.ResourceImpl.load(ResourceImpl.java:1342)
	at org.eclipse.emf.ecore.resource.impl.ResourceSetImpl.demandLoad(ResourceSetImpl.java:259)
	at org.eclipse.emf.ecore.resource.impl.ResourceSetImpl.demandLoadHelper(ResourceSetImpl.java:274)
	... 23 more

!ENTRY org.eclipse.e4.ui.workbench 4 0 2019-11-06 14:13:53.832
!MESSAGE The persisted application model has no top-level window. Reinitializing with the default application model.
!STACK 0
java.lang.Exception
	at org.eclipse.e4.ui.internal.workbench.ResourceHandler.loadMostRecentModel(ResourceHandler.java:170)
	at org.eclipse.e4.ui.internal.workbench.swt.E4Application.loadApplicationModel(E4Application.java:378)
	at org.eclipse.e4.ui.internal.workbench.swt.E4Application.createE4Workbench(E4Application.java:253)
	at org.eclipse.ui.internal.Workbench.lambda$3(Workbench.java:617)
	at org.eclipse.core.databinding.observable.Realm.runWithDefault(Realm.java:336)
	at org.eclipse.ui.internal.Workbench.createAndRunWorkbench(Workbench.java:597)
	at org.eclipse.ui.PlatformUI.createAndRunWorkbench(PlatformUI.java:148)
	at org.eclipse.ui.internal.ide.application.IDEApplication.start(IDEApplication.java:152)
	at org.eclipse.equinox.internal.app.EclipseAppHandle.run(EclipseAppHandle.java:196)
	at org.eclipse.core.runtime.internal.adaptor.EclipseAppLauncher.runApplication(EclipseAppLauncher.java:134)
	at org.eclipse.core.runtime.internal.adaptor.EclipseAppLauncher.start(EclipseAppLauncher.java:104)
	at org.eclipse.core.runtime.adaptor.EclipseStarter.run(EclipseStarter.java:388)
	at org.eclipse.core.runtime.adaptor.EclipseStarter.run(EclipseStarter.java:243)
	at sun.reflect.NativeMethodAccessorImpl.invoke0(Native Method)
	at sun.reflect.NativeMethodAccessorImpl.invoke(Unknown Source)
	at sun.reflect.DelegatingMethodAccessorImpl.invoke(Unknown Source)
	at java.lang.reflect.Method.invoke(Unknown Source)
	at org.eclipse.equinox.launcher.Main.invokeFramework(Main.java:656)
	at org.eclipse.equinox.launcher.Main.basicRun(Main.java:592)
	at org.eclipse.equinox.launcher.Main.run(Main.java:1498)

!ENTRY org.eclipse.egit.core 2 0 2019-11-06 14:13:54.786
!MESSAGE Builtin LFS support not present/detected
!STACK 0
java.lang.ClassNotFoundException: org.eclipse.jgit.lfs.BuiltinLFS cannot be found by org.eclipse.egit.core_5.0.0.201806131550-r
	at org.eclipse.osgi.internal.loader.BundleLoader.findClassInternal(BundleLoader.java:508)
	at org.eclipse.osgi.internal.loader.BundleLoader.findClass(BundleLoader.java:419)
	at org.eclipse.osgi.internal.loader.BundleLoader.findClass(BundleLoader.java:411)
	at org.eclipse.osgi.internal.loader.ModuleClassLoader.loadClass(ModuleClassLoader.java:150)
	at java.lang.ClassLoader.loadClass(Unknown Source)
	at java.lang.Class.forName0(Native Method)
	at java.lang.Class.forName(Unknown Source)
	at org.eclipse.egit.core.Activator.registerBuiltinLFS(Activator.java:279)
	at org.eclipse.egit.core.Activator.start(Activator.java:212)
	at org.eclipse.osgi.internal.framework.BundleContextImpl$3.run(BundleContextImpl.java:779)
	at org.eclipse.osgi.internal.framework.BundleContextImpl$3.run(BundleContextImpl.java:1)
	at java.security.AccessController.doPrivileged(Native Method)
	at org.eclipse.osgi.internal.framework.BundleContextImpl.startActivator(BundleContextImpl.java:772)
	at org.eclipse.osgi.internal.framework.BundleContextImpl.start(BundleContextImpl.java:729)
	at org.eclipse.osgi.internal.framework.EquinoxBundle.startWorker0(EquinoxBundle.java:1002)
	at org.eclipse.osgi.internal.framework.EquinoxBundle$EquinoxModule.startWorker(EquinoxBundle.java:354)
	at org.eclipse.osgi.container.Module.doStart(Module.java:581)
	at org.eclipse.osgi.container.Module.start(Module.java:449)
	at org.eclipse.osgi.framework.util.SecureAction.start(SecureAction.java:468)
	at org.eclipse.osgi.internal.hooks.EclipseLazyStarter.postFindLocalClass(EclipseLazyStarter.java:114)
	at org.eclipse.osgi.internal.loader.classpath.ClasspathManager.findLocalClass(ClasspathManager.java:505)
	at org.eclipse.osgi.internal.loader.ModuleClassLoader.findLocalClass(ModuleClassLoader.java:328)
	at org.eclipse.osgi.internal.loader.BundleLoader.findLocalClass(BundleLoader.java:392)
	at org.eclipse.osgi.internal.loader.sources.SingleSourcePackage.loadClass(SingleSourcePackage.java:36)
	at org.eclipse.osgi.internal.loader.BundleLoader.findClassInternal(BundleLoader.java:454)
	at org.eclipse.osgi.internal.loader.BundleLoader.findClass(BundleLoader.java:419)
	at org.eclipse.osgi.internal.loader.BundleLoader.findClass(BundleLoader.java:411)
	at org.eclipse.osgi.internal.loader.ModuleClassLoader.loadClass(ModuleClassLoader.java:150)
	at java.lang.ClassLoader.loadClass(Unknown Source)
	at org.eclipse.egit.ui.Activator$RepositoryChangeScanner.<init>(Activator.java:921)
	at org.eclipse.egit.ui.Activator.setupRepoChangeScanner(Activator.java:1034)
	at org.eclipse.egit.ui.Activator.start(Activator.java:336)
	at org.eclipse.osgi.internal.framework.BundleContextImpl$3.run(BundleContextImpl.java:779)
	at org.eclipse.osgi.internal.framework.BundleContextImpl$3.run(BundleContextImpl.java:1)
	at java.security.AccessController.doPrivileged(Native Method)
	at org.eclipse.osgi.internal.framework.BundleContextImpl.startActivator(BundleContextImpl.java:772)
	at org.eclipse.osgi.internal.framework.BundleContextImpl.start(BundleContextImpl.java:729)
	at org.eclipse.osgi.internal.framework.EquinoxBundle.startWorker0(EquinoxBundle.java:1002)
	at org.eclipse.osgi.internal.framework.EquinoxBundle$EquinoxModule.startWorker(EquinoxBundle.java:354)
	at org.eclipse.osgi.container.Module.doStart(Module.java:581)
	at org.eclipse.osgi.container.Module.start(Module.java:449)
	at org.eclipse.osgi.framework.util.SecureAction.start(SecureAction.java:468)
	at org.eclipse.osgi.internal.hooks.EclipseLazyStarter.postFindLocalClass(EclipseLazyStarter.java:114)
	at org.eclipse.osgi.internal.loader.classpath.ClasspathManager.findLocalClass(ClasspathManager.java:505)
	at org.eclipse.osgi.internal.loader.ModuleClassLoader.findLocalClass(ModuleClassLoader.java:328)
	at org.eclipse.osgi.internal.loader.BundleLoader.findLocalClass(BundleLoader.java:392)
	at org.eclipse.osgi.internal.loader.BundleLoader.findClassInternal(BundleLoader.java:470)
	at org.eclipse.osgi.internal.loader.BundleLoader.findClass(BundleLoader.java:419)
	at org.eclipse.osgi.internal.loader.BundleLoader.findClass(BundleLoader.java:411)
	at org.eclipse.osgi.internal.loader.ModuleClassLoader.loadClass(ModuleClassLoader.java:150)
	at java.lang.ClassLoader.loadClass(Unknown Source)
	at org.eclipse.osgi.internal.framework.EquinoxBundle.loadClass(EquinoxBundle.java:609)
	at org.eclipse.core.internal.registry.osgi.RegistryStrategyOSGI.createExecutableExtension(RegistryStrategyOSGI.java:177)
	at org.eclipse.core.internal.registry.ExtensionRegistry.createExecutableExtension(ExtensionRegistry.java:931)
	at org.eclipse.core.internal.registry.ConfigurationElement.createExecutableExtension(ConfigurationElement.java:243)
	at org.eclipse.core.internal.registry.ConfigurationElementHandle.createExecutableExtension(ConfigurationElementHandle.java:60)
	at org.eclipse.ui.internal.services.WorkbenchServiceRegistry.getSourceProviders(WorkbenchServiceRegistry.java:174)
	at org.eclipse.ui.internal.services.SourceProviderService.readRegistry(SourceProviderService.java:104)
	at org.eclipse.ui.internal.Workbench$34.runWithException(Workbench.java:2378)
	at org.eclipse.ui.internal.StartupThreading$StartupRunnable.run(StartupThreading.java:32)
	at org.eclipse.swt.widgets.Synchronizer.syncExec(Synchronizer.java:233)
	at org.eclipse.ui.internal.UISynchronizer.syncExec(UISynchronizer.java:144)
	at org.eclipse.swt.widgets.Display.syncExec(Display.java:4567)
	at org.eclipse.ui.internal.StartupThreading.runWithoutExceptions(StartupThreading.java:95)
	at org.eclipse.ui.internal.Workbench.initializeDefaultServices(Workbench.java:2373)
	at org.eclipse.ui.internal.Workbench.init(Workbench.java:1654)
	at org.eclipse.ui.internal.Workbench.runUI(Workbench.java:2859)
	at org.eclipse.ui.internal.Workbench.lambda$3(Workbench.java:654)
	at org.eclipse.core.databinding.observable.Realm.runWithDefault(Realm.java:336)
	at org.eclipse.ui.internal.Workbench.createAndRunWorkbench(Workbench.java:597)
	at org.eclipse.ui.PlatformUI.createAndRunWorkbench(PlatformUI.java:148)
	at org.eclipse.ui.internal.ide.application.IDEApplication.start(IDEApplication.java:152)
	at org.eclipse.equinox.internal.app.EclipseAppHandle.run(EclipseAppHandle.java:196)
	at org.eclipse.core.runtime.internal.adaptor.EclipseAppLauncher.runApplication(EclipseAppLauncher.java:134)
	at org.eclipse.core.runtime.internal.adaptor.EclipseAppLauncher.start(EclipseAppLauncher.java:104)
	at org.eclipse.core.runtime.adaptor.EclipseStarter.run(EclipseStarter.java:388)
	at org.eclipse.core.runtime.adaptor.EclipseStarter.run(EclipseStarter.java:243)
	at sun.reflect.NativeMethodAccessorImpl.invoke0(Native Method)
	at sun.reflect.NativeMethodAccessorImpl.invoke(Unknown Source)
	at sun.reflect.DelegatingMethodAccessorImpl.invoke(Unknown Source)
	at java.lang.reflect.Method.invoke(Unknown Source)
	at org.eclipse.equinox.launcher.Main.invokeFramework(Main.java:656)
	at org.eclipse.equinox.launcher.Main.basicRun(Main.java:592)
	at org.eclipse.equinox.launcher.Main.run(Main.java:1498)

!ENTRY org.eclipse.egit.ui 2 0 2019-11-06 14:14:04.770
!MESSAGE Warning: The environment variable HOME is not set. The following directory will be used to store the Git
user global configuration and to define the default location to store repositories: 'C:\Users\acwin7ra-01'. If this is
not correct please set the HOME environment variable and restart Eclipse. Otherwise Git for Windows and
EGit might behave differently since they see different configuration options.
This warning can be switched off on the Team > Git > Confirmations and Warnings preference page.

!ENTRY org.eclipse.epp.logging.aeri.ide 2 17 2019-11-06 14:14:06.196
!MESSAGE Server ‘org.eclipse.epp.logging.aeri.ide.server’ failed with exception: Connect to dev.eclipse.org:443 [dev.eclipse.org/198.41.30.200] failed: connect timed out. ; version: 2.0.7.v20170906-1327
!STACK 0
org.apache.http.conn.ConnectTimeoutException: Connect to dev.eclipse.org:443 [dev.eclipse.org/198.41.30.200] failed: connect timed out
	at org.apache.http.impl.conn.DefaultHttpClientConnectionOperator.connect(DefaultHttpClientConnectionOperator.java:150)
	at org.apache.http.impl.conn.PoolingHttpClientConnectionManager.connect(PoolingHttpClientConnectionManager.java:353)
	at org.apache.http.impl.execchain.MainClientExec.establishRoute(MainClientExec.java:380)
	at org.apache.http.impl.execchain.MainClientExec.execute(MainClientExec.java:236)
	at org.apache.http.impl.execchain.ProtocolExec.execute(ProtocolExec.java:184)
	at org.apache.http.impl.execchain.RetryExec.execute(RetryExec.java:88)
	at org.apache.http.impl.execchain.RedirectExec.execute(RedirectExec.java:110)
	at org.apache.http.impl.client.InternalHttpClient.doExecute(InternalHttpClient.java:184)
	at org.apache.http.impl.client.CloseableHttpClient.execute(CloseableHttpClient.java:82)
	at org.apache.http.impl.client.CloseableHttpClient.execute(CloseableHttpClient.java:55)
	at org.apache.http.client.fluent.Request.internalExecute(Request.java:173)
	at org.apache.http.client.fluent.Executor.execute(Executor.java:262)
	at org.eclipse.epp.internal.logging.aeri.ide.server.mars.IO.request(IO.java:170)
	at org.eclipse.epp.internal.logging.aeri.ide.server.mars.IO.refreshConfiguration(IO.java:64)
	at org.eclipse.epp.internal.logging.aeri.ide.server.mars.ServerConnection.startUp(ServerConnection.java:124)
	at com.google.common.util.concurrent.AbstractIdleService$DelegateService$1.run(AbstractIdleService.java:62)
	at com.google.common.util.concurrent.Callables$4.run(Callables.java:122)
	at java.lang.Thread.run(Unknown Source)
Caused by: java.net.SocketTimeoutException: connect timed out
	at java.net.DualStackPlainSocketImpl.waitForConnect(Native Method)
	at java.net.DualStackPlainSocketImpl.socketConnect(Unknown Source)
	at java.net.AbstractPlainSocketImpl.doConnect(Unknown Source)
	at java.net.AbstractPlainSocketImpl.connectToAddress(Unknown Source)
	at java.net.AbstractPlainSocketImpl.connect(Unknown Source)
	at java.net.PlainSocketImpl.connect(Unknown Source)
	at java.net.SocksSocketImpl.connect(Unknown Source)
	at java.net.Socket.connect(Unknown Source)
	at org.apache.http.conn.ssl.SSLConnectionSocketFactory.connectSocket(SSLConnectionSocketFactory.java:337)
	at org.apache.http.impl.conn.DefaultHttpClientConnectionOperator.connect(DefaultHttpClientConnectionOperator.java:141)
	... 17 more

!ENTRY org.eclipse.buildship.core 2 0 2019-11-06 14:14:13.433
!MESSAGE Could not load Gradle version information
!STACK 0
org.gradle.api.UncheckedIOException: Cannot download published Gradle versions.
	at com.gradleware.tooling.toolingutils.distribution.PublishedGradleVersions.downloadVersionInformation(PublishedGradleVersions.java:175)
	at com.gradleware.tooling.toolingutils.distribution.PublishedGradleVersions.tryToDownloadAndCacheVersions(PublishedGradleVersions.java:159)
	at com.gradleware.tooling.toolingutils.distribution.PublishedGradleVersions.create(PublishedGradleVersions.java:119)
	at org.eclipse.buildship.core.util.gradle.PublishedGradleVersionsWrapper$LoadVersionsJob.run(PublishedGradleVersionsWrapper.java:66)
	at org.eclipse.core.internal.jobs.Worker.run(Worker.java:60)
Caused by: java.net.SocketTimeoutException: connect timed out
	at java.net.DualStackPlainSocketImpl.waitForConnect(Native Method)
	at java.net.DualStackPlainSocketImpl.socketConnect(Unknown Source)
	at java.net.AbstractPlainSocketImpl.doConnect(Unknown Source)
	at java.net.AbstractPlainSocketImpl.connectToAddress(Unknown Source)
	at java.net.AbstractPlainSocketImpl.connect(Unknown Source)
	at java.net.PlainSocketImpl.connect(Unknown Source)
	at java.net.SocksSocketImpl.connect(Unknown Source)
	at java.net.Socket.connect(Unknown Source)
	at sun.security.ssl.SSLSocketImpl.connect(Unknown Source)
	at sun.net.NetworkClient.doConnect(Unknown Source)
	at sun.net.www.http.HttpClient.openServer(Unknown Source)
	at sun.net.www.http.HttpClient.openServer(Unknown Source)
	at sun.net.www.protocol.https.HttpsClient.<init>(Unknown Source)
	at sun.net.www.protocol.https.HttpsClient.New(Unknown Source)
	at sun.net.www.protocol.https.AbstractDelegateHttpsURLConnection.getNewHttpClient(Unknown Source)
	at sun.net.www.protocol.http.HttpURLConnection.plainConnect0(Unknown Source)
	at sun.net.www.protocol.http.HttpURLConnection.plainConnect(Unknown Source)
	at sun.net.www.protocol.https.AbstractDelegateHttpsURLConnection.connect(Unknown Source)
	at sun.net.www.protocol.http.HttpURLConnection.getInputStream0(Unknown Source)
	at sun.net.www.protocol.http.HttpURLConnection.getInputStream(Unknown Source)
	at sun.net.www.protocol.https.HttpsURLConnectionImpl.getInputStream(Unknown Source)
	at com.gradleware.tooling.toolingutils.distribution.PublishedGradleVersions.downloadVersionInformation(PublishedGradleVersions.java:172)
	... 4 more

!ENTRY org.eclipse.oomph.setup.core 2 0 2019-11-06 14:14:34.293
!MESSAGE C:\Users\acwin7ra-01\.eclipse\org.eclipse.oomph.setup\cache\http___www.eclipse.org_setups_setups.zip (El sistema no puede encontrar la ruta especificada)
!STACK 0
java.io.FileNotFoundException: C:\Users\acwin7ra-01\.eclipse\org.eclipse.oomph.setup\cache\http___www.eclipse.org_setups_setups.zip (El sistema no puede encontrar la ruta especificada)
	at java.io.FileInputStream.open0(Native Method)
	at java.io.FileInputStream.open(Unknown Source)
	at java.io.FileInputStream.<init>(Unknown Source)
	at org.eclipse.emf.ecore.resource.impl.FileURIHandlerImpl.createInputStream(FileURIHandlerImpl.java:99)
	at org.eclipse.oomph.setup.internal.core.util.SetupCoreUtil$2.createInputStream(SetupCoreUtil.java:386)
	at org.eclipse.emf.ecore.resource.impl.ExtensibleURIConverterImpl.createInputStream(ExtensibleURIConverterImpl.java:360)
	at org.eclipse.oomph.setup.internal.core.util.ECFURIHandlerImpl$InputStreamConnectionHandler.handleCache(ECFURIHandlerImpl.java:1594)
	at org.eclipse.oomph.setup.internal.core.util.ECFURIHandlerImpl$InputStreamConnectionHandler.handleCache(ECFURIHandlerImpl.java:1)
	at org.eclipse.oomph.setup.internal.core.util.ECFURIHandlerImpl$ConnectionHandler.process(ECFURIHandlerImpl.java:1529)
	at org.eclipse.oomph.setup.internal.core.util.ECFURIHandlerImpl.createInputStream(ECFURIHandlerImpl.java:303)
	at org.eclipse.emf.ecore.resource.impl.ExtensibleURIConverterImpl.createInputStream(ExtensibleURIConverterImpl.java:360)
	at org.eclipse.emf.ecore.resource.impl.ResourceImpl.load(ResourceImpl.java:1314)
	at org.eclipse.oomph.setup.internal.core.util.SetupCoreUtil.handleArchiveRedirection(SetupCoreUtil.java:546)
	at org.eclipse.oomph.setup.internal.core.util.SetupCoreUtil.configureResourceSet(SetupCoreUtil.java:348)
	at org.eclipse.oomph.setup.internal.core.util.SetupCoreUtil.configureResourceSet(SetupCoreUtil.java:174)
	at org.eclipse.oomph.setup.internal.core.util.SetupCoreUtil.createResourceSet(SetupCoreUtil.java:168)
	at org.eclipse.oomph.setup.ui.recorder.RecorderManager.<clinit>(RecorderManager.java:120)
	at org.eclipse.oomph.setup.ui.SetupUIPlugin.performStartup(SetupUIPlugin.java:205)
	at org.eclipse.oomph.setup.ui.EarlyStartup.earlyStartup(EarlyStartup.java:22)
	at org.eclipse.ui.internal.EarlyStartupRunnable.runEarlyStartup(EarlyStartupRunnable.java:77)
	at org.eclipse.ui.internal.EarlyStartupRunnable.run(EarlyStartupRunnable.java:53)
	at org.eclipse.core.runtime.SafeRunner.run(SafeRunner.java:42)
	at org.eclipse.ui.internal.Workbench$40.run(Workbench.java:2758)
	at org.eclipse.core.internal.jobs.Worker.run(Worker.java:60)

!ENTRY org.eclipse.m2e.logback.appender 2 0 2019-11-06 14:38:10.949
!MESSAGE Failed to download org.eclipse.recommenders:index::zip:0.0.0
!STACK 0
org.eclipse.aether.resolution.ArtifactResolutionException: Could not transfer artifact org.eclipse.recommenders:index:zip:0.0.0-SNAPSHOT from/to models (http://download.eclipse.org/recommenders/models/photon/): Connect to download.eclipse.org:80 timed out
	at org.eclipse.aether.internal.impl.DefaultArtifactResolver.resolve(DefaultArtifactResolver.java:453)
	at org.eclipse.aether.internal.impl.DefaultArtifactResolver.resolveArtifacts(DefaultArtifactResolver.java:255)
	at org.eclipse.aether.internal.impl.DefaultArtifactResolver.resolveArtifact(DefaultArtifactResolver.java:232)
	at org.eclipse.aether.internal.impl.DefaultRepositorySystem.resolveArtifact(DefaultRepositorySystem.java:303)
	at org.eclipse.recommenders.models.ModelRepository.resolveInternal(ModelRepository.java:193)
	at org.eclipse.recommenders.models.ModelRepository.resolve(ModelRepository.java:172)
	at org.eclipse.recommenders.internal.models.rcp.EclipseModelRepository.resolve(EclipseModelRepository.java:168)
	at org.eclipse.recommenders.internal.models.rcp.DownloadModelArchiveJob.run(DownloadModelArchiveJob.java:76)
	at org.eclipse.core.internal.jobs.Worker.run(Worker.java:60)
Caused by: org.eclipse.aether.transfer.ArtifactTransferException: Could not transfer artifact org.eclipse.recommenders:index:zip:0.0.0-SNAPSHOT from/to models (http://download.eclipse.org/recommenders/models/photon/): Connect to download.eclipse.org:80 timed out
	at org.eclipse.aether.connector.basic.ArtifactTransportListener.transferFailed(ArtifactTransportListener.java:52)
	at org.eclipse.aether.connector.basic.BasicRepositoryConnector$TaskRunner.run(BasicRepositoryConnector.java:364)
	at org.eclipse.aether.util.concurrency.RunnableErrorForwarder$1.run(RunnableErrorForwarder.java:76)
	at org.eclipse.aether.connector.basic.BasicRepositoryConnector$DirectExecutor.execute(BasicRepositoryConnector.java:590)
	at org.eclipse.aether.connector.basic.BasicRepositoryConnector.get(BasicRepositoryConnector.java:258)
	at org.eclipse.aether.internal.impl.DefaultArtifactResolver.performDownloads(DefaultArtifactResolver.java:529)
	at org.eclipse.aether.internal.impl.DefaultArtifactResolver.resolve(DefaultArtifactResolver.java:430)
	... 8 more
Caused by: org.apache.http.conn.ConnectTimeoutException: Connect to download.eclipse.org:80 timed out
	at org.apache.http.conn.scheme.PlainSocketFactory.connectSocket(PlainSocketFactory.java:122)
	at org.apache.http.impl.conn.DefaultClientConnectionOperator.openConnection(DefaultClientConnectionOperator.java:179)
	at org.apache.http.impl.conn.ManagedClientConnectionImpl.open(ManagedClientConnectionImpl.java:328)
	at org.apache.http.impl.client.DefaultRequestDirector.tryConnect(DefaultRequestDirector.java:612)
	at org.apache.http.impl.client.DefaultRequestDirector.execute(DefaultRequestDirector.java:447)
	at org.apache.http.impl.client.AbstractHttpClient.doExecute(AbstractHttpClient.java:884)
	at org.apache.http.impl.client.CloseableHttpClient.execute(CloseableHttpClient.java:71)
	at org.apache.http.impl.client.CloseableHttpClient.execute(CloseableHttpClient.java:55)
	at org.apache.http.impl.client.DecompressingHttpClient.execute(DecompressingHttpClient.java:164)
	at org.eclipse.aether.transport.http.HttpTransporter.execute(HttpTransporter.java:296)
	at org.eclipse.aether.transport.http.HttpTransporter.implGet(HttpTransporter.java:252)
	at org.eclipse.aether.spi.connector.transport.AbstractTransporter.get(AbstractTransporter.java:68)
	at org.eclipse.aether.connector.basic.BasicRepositoryConnector$GetTaskRunner.runTask(BasicRepositoryConnector.java:456)
	at org.eclipse.aether.connector.basic.BasicRepositoryConnector$TaskRunner.run(BasicRepositoryConnector.java:359)
	... 13 more

!ENTRY org.eclipse.recommenders.models.rcp 1 0 2019-11-06 14:38:13.617
!MESSAGE org.eclipse.recommenders:index::zip:0.0.0 could not be resolved from the model repositories. Are you offline?
